1 8834.661124066184 4543.330562033092
2 8525.384275598564 4391.692137799282
3 8694.535810643616 4463.267905321808
4 8368.943270073905 4303.471635036953
5 8351.240409888362 4295.620204944181
6 8331.746460514376 4299.873230257188
7 8031.955636862392 4148.977818431196
8 8062.720037374985 4160.360018687492
9 7850.691012412385 4052.3455062061926
10 7709.2040229106515 3984.6020114553257
11 7304.838180813343 3775.4190904066713
12 7014.0958688851115 3641.0479344425557
13 6758.998166207486 3507.499083103743
14 6481.909452372558 3361.954726186279
15 6203.941903661898 3228.970951830949
16 5926.284331773678 3082.142165886839
17 5673.1662272292415 2953.5831136146207
18 5490.670025192679 2877.3350125963393
19 5300.142557474862 2778.071278737431
20 5143.109120165772 2695.554560082886
21 4981.228442003674 2617.614221001837
22 4819.014111658489 2526.5070558292446
23 4654.626722912092 2449.313361456046
24 4511.003610833329 2374.5018054166644
25 4368.130465076884 2315.065232538442
26 4242.571273372248 2240.285636686124
27 4132.396602114484 2198.198301057242
28 4030.933280674301 2149.4666403371502
29 3924.6998967949135 2087.3499483974565
30 3813.494519429595 2031.7472597147976
31 3704.1506688478535 1985.0753344239267
32 3607.7812490834403 1932.8906245417202
33 3524.9383111351367 1894.4691555675684
34 3443.9634881778566 1841.9817440889283
35 3355.973462637885 1806.9867313189425
36 3283.159570446034 1760.579785223017
37 3207.5211076949277 1737.7605538474638
38 3131.3418720601703 1687.6709360300852
39 3059.320159897768 1649.660079948884
40 2988.3126521537206 1617.1563260768603
41 2923.155124529558 1591.577562264779
42 2861.679452960441 1553.8397264802204
43 2795.6367777542073 1522.8183888771036
44 2740.528761057153 1500.2643805285766
45 2687.0636488734967 1470.5318244367484
46 2631.2414009344716 1449.6207004672358
47 2576.560924918035 1411.2804624590176
48 2524.794111048501 1383.3970555242504
49 2473.910021049589 1360.9550105247945
50 2426.9371612769505 1347.4685806384753
51 2381.00907986996 1312.50453993498
52 2338.797960252779 1302.3989801263895
53 2294.7562995672547 1262.3781497836274
54 2251.2731316895 1258.63656584475
55 2209.5876019743428 1223.7938009871714
56 2167.412068123768 1200.706034061884
57 2130.565571628824 1181.282785814412
58 2094.1033469158433 1164.0516734579217
59 2059.371794055534 1157.685897027767
60 2023.261987230089 1133.6309936150446
61 1989.989171445627 1118.9945857228136
62 1957.4146351599102 1112.707317579955
63 1926.9377543034038 1078.468877151702
64 1896.1072793445833 1082.0536396722916
65 1865.013189913092 1065.506594956546
66 1836.3516890009334 1037.1758445004666
67 1807.4612896007052 1019.7306448003526
68 1782.3762314127882 1007.1881157063941
69 1755.1730360462707 995.5865180231353
70 1729.7726977614745 990.8863488807373
71 1704.3865952871092 981.1932976435546
72 1679.508150981885 973.7540754909425
73 1657.131468265815 959.5657341329076
74 1632.9200799877424 943.4600399938712
75 1608.8761173655114 929.4380586827557
76 1585.54323607036 910.77161803518
77 1562.6476429304598 906.3238214652299
78 1541.811845939415 895.9059229697075
79 1520.5345734024838 892.2672867012419
80 1500.994101137655 870.4970505688275
81 1480.5728010575738 855.2864005287869
82 1462.342341863824 860.171170931912
83 1443.1128842860453 853.5564421430227
84 1424.4944403038508 836.2472201519254
85 1408.5616828667264 821.2808414333632
86 1390.330910635127 815.1654553175636
87 1373.3534657768885 820.6767328884442
88 1358.7996191580746 800.3998095790373
89 1342.281649175994 796.140824587997
90 1327.1697036816718 782.5848518408359
91 1310.7786582095719 789.3893291047859
92 1294.7240551256589 781.3620275628294
93 1280.095994270875 774.0479971354375
94 1265.560438078736 747.780219039368
95 1252.1621941304243 749.0810970652121
96 1237.4938676903073 746.7469338451536
97 1223.0737432802496 745.5368716401248
98 1210.2925999381337 736.1462999690668
99 1197.7459184503225 713.8729592251613
100 1184.4294926211198 715.2147463105599
101 1171.2449226072338 704.6224613036169
102 1159.3238361261642 695.6619180630821
103 1147.235189580034 690.617594790017
104 1135.9806394205004 687.9903197102502
105 1123.985492594239 682.9927462971195
106 1112.6535866469728 672.3267933234864
107 1101.715922499862 668.857961249931
108 1092.6955764203542 661.3477882101771
109 1082.965993981421 662.4829969907105
110 1075.759703991933 663.8798519959665
111 1065.4592623615772 661.7296311807886
112 1054.4351234157161 658.2175617078581
113 1043.396751314528 636.698375657264
114 1033.0328742332422 637.5164371166211
115 1026.5183702775937 629.2591851387969
116 1016.6644459028842 630.3322229514421
117 1006.9645053881432 625.4822526940716
118 998.945968315629 624.4729841578145
119 990.6690845723883 627.3345422861942
120 981.6019719283527 616.8009859641763
121 972.4944339789763 606.2472169894882
122 964.3811126834408 601.1905563417204
123 956.7354549950344 600.3677274975172
124 948.3430025042628 596.1715012521314
125 939.9343104121207 595.9671552060604
126 931.9523244014194 597.9761622007097
127 924.5439823203194 596.2719911601597
128 916.8501737699636 586.4250868849817
129 909.4762479754903 575.7381239877452
130 902.9185658304715 571.4592829152357
131 895.2165279531645 564.6082639765823
132 887.4900813342454 568.7450406671227
133 879.5836734143609 563.7918367071804
134 873.1394148184872 551.5697074092436
135 866.3005552803826 552.1502776401912
136 860.5019594277794 554.2509797138897
137 853.4901942255742 550.7450971127871
138 847.2338001066908 549.6169000533454
139 840.896709868111 539.4483549340555
140 834.5263244588065 542.2631622294032
141 829.1772945767167 540.5886472883583
142 822.7892217424978 536.3946108712489
143 816.5756184263641 528.2878092131821
144 811.3971832319863 531.6985916159931
145 805.8953308609703 529.9476654304851
146 800.0223189200174 519.0111594600087
147 794.3444776181426 516.1722388090714
148 790.3580268674508 527.1790134337255
149 784.2417499846564 514.1208749923283
150 778.5971419377321 523.298570968866
151 774.3840715900384 506.19203579501914
152 770.1976530141632 516.0988265070816
153 765.4301948931638 503.7150974465819
154 760.5869255663805 512.2934627831903
155 756.0252318462639 498.01261592313193
156 752.3154367177153 503.15771835885766
157 747.3016931718229 506.65084658591144
158 742.2439945927722 490.1219972963861
159 736.7164475811819 497.35822379059096
160 735.3546492021935 487.67732460109676
161 731.4623946503235 494.73119732516176
162 726.9030388734917 484.45151943674585
163 722.6517613937414 479.3258806968707
164 718.2493959209543 486.12469796047714
165 713.1589785597621 489.57948927988105
166 709.2156340253034 478.6078170126517
167 705.1507919387356 473.5753959693678
168 701.2804599783113 479.64022998915567
169 696.708756170904 463.354378085452
170 692.7139596014636 463.3569798007318
171 689.3972802516772 467.6986401258386
172 686.216248164132 470.108124082066
173 681.7908765222007 457.89543826110037
174 678.9993326402993 462.49966632014963
175 676.3104939898689 460.15524699493443
176 672.8680369734287 459.43401848671436
177 669.6933517985983 460.84667589929916
178 668.8597802395433 449.42989011977164
179 664.892973387861 454.4464866939305
180 662.3348522706774 460.1674261353387
181 658.4786135198339 451.23930675991693
182 655.4014877206564 461.7007438603282
183 652.246330971896 458.123165485948
184 648.4212896684597 446.21064483422987
185 645.7529768899994 439.8764884449997
186 642.819385909341 444.4096929546705
187 639.5777505027544 445.7888752513772
188 637.2137555891672 441.6068777945836
189 634.2688488100886 435.1344244050443
190 631.6391874249134 437.8195937124567
191 628.4122736689379 442.20613683446896
192 625.9914893323506 436.9957446661753
193 622.9610790876686 442.4805395438343
194 619.6111663398087 440.80558316990437
195 616.8274738823332 430.4137369411666
196 613.8817250789918 426.9408625394959
197 610.2460452274817 438.12302261374083
198 608.3406233624387 423.17031168121935
199 605.4340695448903 427.7170347724452
200 602.9676472243218 417.4838236121609
201 600.1453891791089 416.07269458955443
202 596.9549873323849 417.47749366619246
203 595.8705500171733 417.93527500858664
204 593.5005272187996 416.7502636093998
205 590.6038666650552 421.3019333325276
206 588.9472010177163 428.47360050885817
207 586.3513006536273 424.17565032681364
208 583.2104202168282 416.6052101084141
209 580.3082951927918 423.1541475963959
210 577.5651049220337 417.78255246101685
211 575.0313024028148 418.5156512014074
212 572.0322145599791 411.01610727998957
213 569.5124331419088 401.7562165709544
214 567.8318018913178 416.9159009456589
215 566.3209307884507 406.16046539422535
216 563.8890183589334 402.9445091794667
217 561.2591047757325 409.6295523878662
218 558.2598384985366 396.1299192492683
219 555.725891639335 393.8629458196675
220 553.4150119317632 396.7075059658816
221 553.769622380298 392.884811190149
222 551.0588061644821 392.52940308224106
223 548.9114066522137 400.45570332610686
224 545.9769436878821 397.98847184394106
225 543.6765370115993 390.83826850579965
226 542.1110418995631 401.05552094978157
227 539.9208166879293 401.9604083439647
228 538.3457568180605 399.17287840903026
229 535.9178606773635 390.95893033868174
230 534.2950869988069 398.14754349940347
231 533.0964528691577 384.54822643457885
232 531.5829241703834 397.7914620851917
233 529.2707550103232 397.6353775051616
234 526.978693728377 391.4893468641885
235 524.6042017910578 380.3021008955289
236 522.3002021002212 388.1501010501106
237 520.430667053787 391.2153335268935
238 519.5380487885212 382.7690243942606
239 518.5510882982848 383.2755441491424
240 516.4909576021299 380.24547880106496
241 514.6498020202433 372.32490101012166
242 512.4536054067023 371.22680270335115
243 511.01494691030376 379.50747345515185
244 508.89920477828247 382.4496023891412
245 507.70670054900484 380.8533502745024
246 506.2735392902309 371.13676964511546
247 504.9212818016823 379.46064090084116
248 503.0800971612191 372.54004858060955
249 501.61667384744356 381.80833692372175
250 500.04656961432045 381.0232848071602
251 497.81578894660197 379.907894473301
252 495.8507624108335 366.9253812054168
253 494.91812659841946 362.45906329920973
254 493.10640467079696 372.5532023353985
255 491.66881710399844 363.8344085519992
256 490.9126264306498 374.45631321532494
257 488.7864259698884 366.39321298494417
258 487.6953551196536 372.8476775598268
259 486.5500047502335 375.27500237511674
260 484.4723886045625 375.23619430228126
261 482.5543572441573 366.2771786220786
262 483.09774575243193 371.54887287621597
263 481.01304933857676 373.5065246692884
264 479.3468389199253 358.67341945996264
265 478.03908287691155 357.0195414384558
266 475.9647764226837 362.98238821134186
267 475.59752972923684 367.7987648646184
268 474.01040880906254 367.00520440453124
269 472.1437985706771 358.07189928533853
270 473.27418829321954 367.6370941466098
271 472.0059561096819 355.0029780548409
272 471.94340230002746 357.9717011500137
273 470.15959194661286 369.07979597330643
274 469.0091651776958 366.50458258884794
275 468.4963722427462 365.2481861213731
276 467.00661230167697 357.5033061508385
277 466.40498548402905 362.20249274201456
278 466.47437041471073 366.23718520735537
279 465.2899930765672 351.64499653828364
280 464.1429037268773 350.07145186343865
281 463.3269786119072 353.6634893059536
282 461.7001380497745 350.85006902488726
283 460.27141510592446 361.13570755296223
284 458.80748506522195 359.403742532611
285 457.0508789494643 356.52543947473214
286 455.51515979592637 350.7575798979632
287 453.86282981665687 356.9314149083284
288 452.814382705729 347.4071913528645
289 451.5904038211695 356.79520191058475
290 450.43973274585966 348.2198663729298
291 448.9124664441168 342.45623322205836
292 447.9728445287263 353.9864222643631
293 447.9770298371611 347.98851491858056
294 446.88524022800414 356.44262011400207
295 445.4279782659602 351.7139891329801
296 444.08866669266695 353.0443333463335
297 443.2646014595593 337.6323007297797
298 441.42446946713045 340.7122347335652
299 439.851530917608 339.925765458804
300 440.30577717535664 338.1528885876783
301 439.0636010294745 338.53180051473726
302 438.23213258486527 351.1160662924326
303 437.09600801595434 333.54800400797717
304 435.9960619512642 346.9980309756321
305 434.624854410768 346.312427205384
306 433.790527878325 332.89526393916253
307 433.1554058759918 335.5777029379959
308 432.28716929707014 345.14358464853507
309 431.2252317225758 339.6126158612879
310 429.9171414084699 342.95857070423494
311 430.6923654272059 344.34618271360296
312 429.4739230962138 333.73696154810693
313 428.3663195126027 335.18315975630134
314 427.26184192001267 343.63092096000634
315 427.2816912611301 334.6408456305651
316 426.195209839111 329.09760491955547
317 425.27532298842385 329.6376614942119
318 423.81641037900715 341.9082051895036
319 422.5264322021574 337.2632161010787
320 421.3079228831021 343.653961441551
321 420.47822941289013 337.2391147064451
322 418.88075316146177 327.4403765807309
323 417.8603267938368 341.9301633969184
324 416.64805503182066 337.3240275159103
325 416.55694236771797 331.278471183859
326 415.43871686203204 339.719358431016
327 414.6748339980498 341.33741699902487
328 414.252439115411 339.1262195577055
329 413.77507767111257 333.88753883555626
330 413.3072108385652 336.6536054192826
331 412.16606752639433 336.08303376319714
332 412.4812293868883 331.2406146934442
333 412.209603875908 338.104801937954
334 410.92966625737847 327.46483312868924
335 410.0100063548421 328.00500317742103
336 410.64454157159514 320.32227078579757
337 409.5762682400648 326.7881341200324
338 408.446531643523 334.2232658217615
339 407.6987083366023 318.84935416830115
340 407.0889577838095 332.54447889190476
341 407.3618275679209 327.6809137839605
342 406.57921764873464 322.2896088243673
343 405.9277949060783 329.9638974530392
344 405.1744968800357 318.58724844001785
345 405.09654264832807 321.54827132416403
346 404.124782005639 323.0623910028195
347 404.6920877585229 327.34604387926146
348 403.68423966410415 316.84211983205205
349 402.66057826918086 319.33028913459043
350 401.7581454512338 315.8790727256169
351 401.31203136487414 331.6560156824371
352 400.8944353714994 332.4472176857497
353 400.242727350253 334.12136367512653
354 399.4171528281397 317.70857641406985
355 399.1863135400242 314.5931567700121
356 398.4868979665681 329.24344898328405
357 398.00576642232716 320.0028832111636
358 397.59166587853906 322.79583293926953
359 396.90020105298004 325.45010052649
360 396.42349672218705 326.21174836109356
361 396.01101924998227 318.00550962499113
362 394.97636054066203 327.488180270331
363 395.402755661672 316.701377830836
364 394.8053895843069 329.40269479215345
365 394.1766610795241 325.08833053976207
366 394.2571976002075 316.12859880010376
367 393.34327179750477 316.67163589875236
368 393.3609227864748 312.6804613932374
369 392.30328273588736 322.1516413679437
370 391.4412330347016 316.7206165173508
371 390.7926163909785 319.39630819548927
372 389.86340178340845 320.9317008917042
373 389.0537713764632 312.5268856882316
374 388.47219447027516 321.23609723513755
375 387.74780306284356 309.8739015314218
376 387.69565177020553 308.8478258851028
377 387.0588534458487 314.5294267229243
378 386.3189921467561 321.159496073378
379 386.34190870354394 308.17095435177197
380 386.18288715357 326.09144357678497
381 385.2256446517819 318.612822325891
382 384.6988886356195 322.34944431780974
383 384.1568994829956 323.0784497414978
384 383.37471406265837 321.68735703132916
385 382.2719940581712 316.1359970290856
386 381.50980583957954 310.75490291978974
387 380.39397121770776 316.1969856088539
388 380.4967453970724 311.2483726985362
389 381.1457075030263 307.57285375151315
390 380.5641724151818 316.2820862075909
391 379.9762611098185 311.9881305549093
392 379.81993383681777 311.9099669184089
393 378.98888803993606 305.494444019968
394 379.87866005751937 305.9393300287597
395 379.27621803799684 307.6381090189984
396 379.2472492375878 313.6236246187939
397 378.51289217283875 317.2564460864194
398 378.5085305355961 321.254265267798
399 378.74479767725455 311.3723988386273
400 378.00674032277686 313.00337016138843
401 377.103974241811 318.5519871209055
402 376.81202575123183 308.40601287561594
403 376.6218923870718 313.31094619353587
404 376.5644954613611 318.2822477306805
405 376.92742857172465 305.46371428586235
406 376.2869595129676 303.14347975648377
407 377.2559221398422 306.62796106992107
408 376.52493357515374 306.26246678757684
409 376.05934498473204 322.029672492366
410 375.26867476333405 304.634337381667
411 374.45121140541227 313.22560570270616
412 374.4127213944733 309.2063606972366
413 373.6620184453916 305.8310092226958
414 373.1040806352909 304.5520403176455
415 372.09991151329024 313.0499557566451
416 372.95236840796184 305.4761842039809
417 372.21864841167724 320.1093242058386
418 372.17721423003326 319.08860711501666
419 371.7885796271149 309.89428981355746
420 371.54135704577754 301.7706785228888
421 370.56257744766964 308.2812887238348
422 370.0805070675025 302.04025353375124
423 369.1027478113628 310.55137390568143
424 368.6592933459393 304.32964667296966
425 368.2619174412726 315.1309587206363
426 367.8811737272278 317.94058686361393
427 368.21526267878414 311.10763133939207
428 367.34475175170763 310.67237587585385
429 367.2006882557599 311.60034412787996
430 366.5552896682564 298.2776448341282
431 365.9104143874555 303.95520719372774
432 365.1767558455428 297.58837792277143
433 364.4274898447534 302.2137449223767
434 363.6571676994291 305.82858384971456
435 363.4552154099013 300.72760770495063
436 363.3896510699014 315.6948255349507
437 363.0377924769688 305.5188962384844
438 362.4288621828158 311.2144310914079
439 362.1731206603315 305.08656033016575
440 361.3401665992438 306.67008329962187
441 360.4941498345154 299.2470749172577
442 360.75348740225024 313.3767437011251
443 359.99898313151584 310.9994915657579
444 360.7087350195981 297.3543675097991
445 360.6373886888957 299.31869434444786
446 360.0794990436679 307.039749521834
447 359.81121979766806 306.90560989883403
448 358.9456391634724 313.4728195817362
449 358.4413215432681 295.220660771634
450 358.29771074732963 311.1488553736648
451 357.7916646651697 297.89583233258486
452 357.27888381232896 311.6394419061645
453 356.8191921959058 303.4095960979529
454 356.13300469122834 297.06650234561414
455 355.75012692341005 300.87506346170505
456 355.1986079610311 303.5993039805155
457 354.44650666741194 295.223253333706
458 354.0918579613965 311.04592898069825
459 353.95406853118544 298.9770342655927
460 353.1038345183679 291.55191725918394
461 352.2934441363985 309.1467220681992
462 351.86845505581437 301.9342275279072
463 351.34139493575776 296.6706974678789
464 352.0145049494312 306.00725247471564
465 351.3777633698263 307.68888168491316
466 351.7360851470073 302.86804257350366
467 351.70073343099483 297.85036671549744
468 352.6305262040483 302.3152631020241
469 351.93975250894454 296.9698762544723
470 351.05987148156987 303.52993574078494
471 350.78154783912004 302.39077391956005
472 350.03315475794807 293.01657737897403
473 349.4903870224964 291.7451935112482
474 350.00116127849634 308.00058063924814
475 349.5382063582007 290.76910317910034
476 349.1681906137707 303.5840953068854
477 349.3432765758311 304.6716382879156
478 348.83705016797734 292.4185250839887
479 349.2691254094317 291.63456270471585
480 348.82959548400163 290.4147977420008
481 349.0655275713352 290.5327637856676
482 348.8872030114579 290.44360150572896
483 348.90105184377273 300.45052592188637
484 348.3959678170539 295.1979839085269
485 347.81681922258423 297.9084096112921
486 348.21827668181766 289.1091383409088
487 348.40024264926694 293.20012132463347
488 348.1936197270017 290.0968098635009
489 348.6161908382506 293.30809541912527
490 347.94517679173737 296.9725883958687
491 347.6139911608167 298.80699558040834
492 347.3259469954802 300.6629734977401
493 347.88322426123585 291.94161213061795
494 347.5956609034429 300.79783045172144
495 347.2903244927185 296.6451622463593
496 346.6130926272685 290.30654631363427
497 345.96638463398546 306.9831923169927
498 345.66049533460136 298.8302476673007
499 346.9094709064911 299.4547354532456
500 346.2196157939395 294.10980789696976
501 345.3383325920424 295.6691662960212
502 344.76045180763805 297.380225903819
503 344.53705446577936 303.2685272328897
504 345.1028363807577 300.55141819037885
505 344.5300855885233 301.26504279426166
506 344.33276854018874 299.16638427009434
507 343.64937585449394 298.82468792724694
508 343.2313163853428 303.6156581926714
509 342.8837646634913 302.44188233174566
510 342.61681363360617 297.3084068168031
511 342.2104466923316 289.10522334616576
512 342.1136469965019 293.056823498251
513 342.2148309873638 286.1074154936819
514 341.7004186732844 297.8502093366422
515 341.2834185540316 303.6417092770158
516 340.85279899040734 304.42639949520367
517 340.44517896746703 292.2225894837335
518 341.4540525707858 293.72702628539287
519 340.894244832098 288.447122416049
520 340.09790882563544 304.0489544128177
521 340.3439418325799 304.17197091629
522 340.705874325128 286.352937162564
523 340.2748440671281 294.137422033564
524 339.9615372071451 287.9807686035725
525 339.447340826142 292.723670413071
526 338.5366040687478 301.2683020343739
527 338.22393856167815 289.11196928083905
528 338.8219433518 303.4109716759
529 338.3242303340355 291.16211516701776
530 337.68307974250393 288.84153987125194
531 337.37109730176735 298.6855486508837
532 336.86297493579633 302.43148746789814
533 336.1140933073968 288.0570466536984
534 335.5079597512044 288.7539798756022
535 334.74862803655066 296.3743140182753
536 334.1355425328927 284.06777126644636
537 333.8844044290248 290.9422022145124
538 333.4244696941328 298.7122348470664
539 332.45960445464925 293.2298022273246
540 332.3198954222107 287.15994771110536
541 331.8951628750528 298.9475814375264
542 331.080639292226 288.540319646113
543 330.4341318727084 286.2170659363542
544 329.9779492673424 297.9889746336712
545 329.24309855320024 290.62154927660015
546 328.6389490036964 280.31947450184816
547 328.1547340766197 290.07736703830983
548 327.5520625542285 287.77603127711427
549 327.06606662726153 296.53303331363077
550 327.4309283130823 284.71546415654115
551 326.6706962815891 287.3353481407945
552 326.02565741170446 293.01282870585226
553 325.6844172766701 280.842208638335
554 325.09592406115706 285.54796203057856
555 324.646762311448 296.323381155724
556 323.8180286783859 277.90901433919294
557 324.11717594821977 296.05858797410986
558 323.4436820759791 294.7218410379895
559 322.86487010452817 281.43243505226405
560 322.07333288393147 277.03666644196574
561 325.02318697795755 290.51159348897875
562 324.3426678667008 295.1713339333504
563 323.6581062795909 285.82905313979546
564 324.19587197313007 293.09793598656506
565 323.72277858791256 280.8613892939563
566 323.18572491896845 287.5928624594842
567 323.1974111621543 286.5987055810772
568 323.2948704640015 291.64743523200076
569 323.7268147644591 280.8634073822295
570 322.8343369860668 293.4171684930334
571 321.8549297076979 288.92746485384896
572 321.0310213093397 288.5155106546698
573 321.5611983756018 282.78059918780093
574 321.2903499102473 284.64517495512365
575 320.302426437966 289.151213218983
576 319.3189871727164 275.65949358635817
577 319.1642578446838 280.5821289223419
578 318.17479504821756 281.0873975241088
579 317.51597020566226 292.7579851028311
580 317.160981890416 287.580490945208
581 317.3240674008886 287.66203370044434
582 316.24683415578073 289.1234170778904
583 315.6162301144644 288.80811505723216
584 315.3975507221531 284.6987753610765
585 315.39630733370694 284.6981536668535
586 315.4027478322362 286.7013739161181
587 314.46177131587376 280.2308856579369
588 313.8413289341955 289.9206644670977
589 313.2686273457944 272.6343136728972
590 312.4815924157091 283.24079620785454
591 311.52478118418816 273.7623905920941
592 311.773021257884 280.886510628942
593 311.01052817336426 283.50526408668213
594 310.0339956935214 272.01699784676066
595 309.45297860791993 283.72648930395997
596 310.1378937214377 279.0689468607188
597 309.50020503533955 288.7501025176698
598 309.84801905062966 277.92400952531483
599 308.7983388145649 277.39916940728244
600 307.8736670130534 285.9368335065267
601 308.2775759936866 277.1387879968433
602 308.380843516473 286.19042175823654
603 308.82564294076224 286.4128214703811
604 309.37622715887187 269.68811357943594
605 309.09896392619015 283.5494819630951
606 308.0618144090197 282.03090720450984
607 307.49331545768797 286.74665772884396
608 306.9889393173231 286.49446965866156
609 306.37786194802845 268.1889309740142
610 305.74932098908243 269.8746604945412
611 305.9304979362327 272.9652489681164
612 305.14690288836636 278.5734514441832
613 304.37223325654566 267.1861166282728
614 304.34939093293485 268.1746954664674
615 303.6174810978699 282.80874054893496
616 302.8181904940628 281.40909524703136
617 302.49801703762665 284.2490085188133
618 301.9558881689458 279.97794408447294
619 301.0309806537678 283.5154903268839
620 300.11711722899946 278.0585586144997
621 299.84221766225653 273.92110883112827
622 298.97365156097584 278.48682578048795
623 298.0709138064386 281.0354569032193
624 298.08319418151314 273.04159709075657
625 297.78286671101034 274.89143335550517
626 296.88226176028934 263.44113088014467
627 296.65574294995275 269.3278714749764
628 295.7880177635619 267.89400888178096
629 295.2330215077552 265.6165107538776
630 294.8736872959545 265.43684364797724
631 294.7353354202778 266.3676677101389
632 293.5159462901879 277.75797314509396
633 292.7119496688237 262.3559748344119
634 292.12262633826396 262.06131316913195
635 291.0106409513058 262.50532047565287
636 290.6343493362364 278.31717466811824
637 290.5810928906903 269.29054644534517
638 289.8693953518329 262.9346976759165
639 289.5107800687009 266.75539003435046
640 288.70602011180534 266.3530100559027
641 288.356368686075 259.1781843430375
642 287.2399127528502 273.6199563764251
643 286.56317408899235 263.2815870444962
644 286.42107792833957 262.2105389641698
645 285.7753799428948 274.8876899714474
646 285.04419024864524 259.5220951243226
647 284.08452558714515 260.0422627935726
648 284.11979989881905 264.05989994940956
649 283.3025450937413 270.65127254687064
650 282.9589977932927 258.47949889664636
651 282.4250276417225 266.21251382086126
652 281.79399351231126 269.89699675615566
653 280.700561932373 260.35028096618646
654 280.0370990461793 262.01854952308963
655 280.7761143033612 270.38805715168064
656 279.829471977514 273.914735988757
657 279.41152337034833 261.70576168517414
658 279.3487251887801 262.67436259439006
659 278.6897298838738 269.34486494193686
660 278.38546564587557 259.1927328229378
661 277.69757060281927 262.84878530140963
662 276.8989832696595 272.44949163482977
663 276.0763020193776 272.0381510096888
664 276.0011675962089 260.00058379810446
665 275.25367278848574 253.6268363942429
666 275.43780858517124 263.71890429258565
667 274.9906625220683 267.49533126103415
668 274.57329521846714 261.28664760923357
669 273.7017031129751 267.85085155648756
670 272.99277687346085 264.4963884367304
671 272.51274832228637 263.2563741611432
672 272.8735916566445 266.43679582832226
673 272.10167402807707 255.0508370140385
674 271.3903784995201 263.69518924976006
675 270.2979007923281 265.1489503961641
676 269.55092917168446 252.7754645858422
677 269.28937490039755 268.6446874501988
678 268.63475779708864 252.31737889854435
679 268.1006699989087 262.0503349994543
680 268.0655608748271 263.0327804374135
681 267.47607921601525 264.7380396080076
682 267.27427433681686 260.63713716840846
683 267.1479879961406 255.5739939980703
684 266.9759002041601 260.48795010208005
685 268.1184483505308 260.0592241752654
686 267.1950416988146 257.59752084940726
687 266.27920790592896 263.1396039529645
688 265.88844458073413 266.94422229036707
689 266.26385808061366 261.13192904030683
690 265.51651652447623 258.7582582622381
691 265.03350339615486 266.5167516980774
692 266.60221803821184 260.3011090191059
693 267.20353533159204 250.60176766579605
694 266.64275175245 256.32137587622503
695 266.17400922646317 265.08700461323156
696 266.1459577216199 254.07297886080994
697 265.4508311390648 258.7254155695324
698 265.0937134040868 256.54685670204344
699 264.224472210053 247.1122361050265
700 264.1755816658566 247.0877908329283
701 264.2111765115065 262.1055882557532
702 263.68860807967224 248.84430403983612
703 263.19466602711225 248.59733301355612
704 263.0151395765564 262.5075697882782
705 262.5137595735021 250.25687978675103
706 262.0334103288757 252.01670516443784
707 261.55443309908435 261.7772165495422
708 260.55804873244307 252.27902436622153
709 260.21053350707916 262.1052667535396
710 259.93785188800956 260.9689259440048
711 259.3933144107625 262.69665720538126
712 260.30144913212547 253.15072456606273
713 259.3264965005579 247.66324825027894
714 258.5267361164176 258.2633680582088
715 257.97471566604656 253.98735783302328
716 257.86985817540375 250.93492908770187
717 257.5529430112224 243.7764715056112
718 256.86816296131883 257.4340814806594
719 256.16574583403724 252.08287291701862
720 255.86870589357116 254.93435294678557
721 255.56989571327242 252.78494785663622
722 255.12113058840342 259.5605652942017
723 254.31232664192711 250.15616332096357
724 253.9571455838469 243.97857279192345
725 254.37643483417173 257.18821741708587
726 253.4927106196616 253.7463553098308
727 253.24521965645943 244.6226098282297
728 252.54786536445346 255.27393268222673
729 252.19547692040882 255.09773846020443
730 251.51901519469862 259.7595075973493
731 251.16692860431405 255.58346430215704
732 250.74647505114936 248.37323752557467
733 250.03236968754265 259.0161848437713
734 249.68183328864185 244.84091664432094
735 248.91929494896448 246.45964747448224
736 248.41301992433657 243.2065099621683
737 247.62247806748192 248.81123903374095
738 247.1978881211175 240.59894406055875
739 247.2705088654915 257.63525443274574
740 246.37440267435784 239.18720133717892
741 246.03865610935745 251.01932805467874
742 246.38187982195856 238.1909399109793
743 245.80436218760894 244.90218109380447
744 245.29630261121318 240.64815130560658
745 245.40881397305193 238.70440698652595
746 245.14376360148572 250.57188180074286
747 245.05383055662648 240.52691527831325
748 244.48421150612856 251.24210575306427
749 244.22482402476388 239.11241201238192
750 243.68862016182206 240.84431008091104
751 243.02424147340446 247.51212073670223
752 242.6323403256358 253.3161701628179
753 242.18372912206706 241.09186456103353
754 241.6127065641 249.80635328205
755 241.16969282340858 240.5848464117043
756 241.73032840420527 236.86516420210262
757 240.8707663003791 236.43538315018955
758 240.22141358659775 235.11070679329887
759 239.60896266061704 234.80448133030853
760 240.593549915012 237.296774957506
761 240.11464618176814 250.05732309088407
762 239.60096244934957 239.8004812246748
763 239.08860390134365 253.5443019506718
764 238.9931334365619 242.49656671828095
765 238.31085359578952 243.15542679789476
766 238.0325791948363 241.01628959741817
767 237.50991044587803 242.75495522293903
768 236.88325596517214 237.44162798258606
769 236.04437365358572 235.02218682679285
770 235.54709678116103 238.77354839058052
771 235.21608557136207 237.60804278568105
772 234.88823725764732 243.44411862882367
773 234.81557951511613 248.40778975755808
774 234.30447944387987 250.15223972193994
775 233.83388862700815 238.91694431350408
776 233.20179868668745 245.6008993433437
777 232.69345888679655 243.34672944339826
778 232.10188175373432 237.05094087686717
779 231.6439895914194 241.8219947957097
780 231.09141204983615 232.54570602491808
781 231.0455697716079 232.52278488580396
782 230.33475156963203 243.16737578481602
783 230.04899776395413 246.02449888197708
784 229.34585185897376 238.6729259294869
785 229.61983638223003 238.809918191115
786 229.27888097154695 240.6394404857735
787 228.83391842782856 235.41695921391428
788 228.789531613728 245.394765806864
789 228.88156291229237 231.44078145614617
790 228.08686584336718 230.04343292168357
791 227.93852527500147 240.96926263750072
792 227.3623259594993 231.68116297974964
793 226.86151113163996 229.43075556582
794 226.7525392055484 244.3762696027742
795 226.191043808311 236.0955219041555
796 225.5848875301561 243.79244376507805
797 225.81289382193242 227.90644691096622
798 225.18494143068753 241.59247071534378
799 224.86072590203992 235.43036295101996
800 224.4642307210519 228.23211536052594
801 224.21020241661867 232.10510120830935
802 223.70643220247345 237.85321610123674
803 223.2650063875441 243.63250319377204
804 224.05999741320747 236.02999870660375
805 223.99054803268356 244.9952740163418
806 223.4661101342179 229.73305506710895
807 223.00373570400956 241.50186785200478
808 222.5925247514717 239.29626237573586
809 222.13915388735862 226.0695769436793
810 221.70544189827154 225.85272094913577
811 221.62852703266736 229.81426351633368
812 221.1828145342867 227.59140726714335
813 221.35916155745676 232.6795807787284
814 221.5063692062611 228.75318460313053
815 220.88630518462338 227.4431525923117
816 220.28087878144063 228.1404393907203
817 220.12879467649054 241.06439733824527
818 220.09253619494424 236.04626809747214
819 220.11575672400465 236.05787836200233
820 220.44447201335603 242.22223600667803
821 220.2836697251142 234.14183486255712
822 220.50278415709454 240.25139207854727
823 219.85074188833119 235.9253709441656
824 219.44128303126752 225.72064151563376
825 219.16028854443425 230.58014427221713
826 218.83421983493872 233.41710991746936
827 218.9905066341731 226.49525331708656
828 218.7462446810427 235.37312234052135
829 218.39063097494557 231.19531548747278
830 218.28284231504884 227.1414211575244
831 217.7051493358838 239.8525746679419
832 217.50161123863631 240.75080561931816
833 217.17235546646978 231.58617773323488
834 216.56802940579732 239.28401470289867
835 216.54465338348888 237.27232669174444
836 216.21215607151473 234.10607803575738
837 215.76429460434926 233.88214730217464
838 215.37949305261554 235.68974652630777
839 216.44407078707457 240.22203539353728
840 216.19704219284674 233.09852109642338
841 216.19463638202495 239.09731819101248
842 215.5890731599164 236.79453657995822
843 215.0074461538748 222.5037230769374
844 214.33023851669034 233.16511925834516
845 214.24578753302575 234.12289376651287
846 213.63036281193428 235.81518140596714
847 213.19783626640609 222.59891813320303
848 212.85811424501364 230.42905712250683
849 212.45679004356873 233.22839502178437
850 212.49349272592633 240.24674636296317
851 212.24059517183346 235.12029758591672
852 212.435269415216 230.217634707608
853 212.25631530483432 239.12815765241714
854 211.98705820523506 220.99352910261752
855 211.56470667359122 239.7823533367956
856 211.2856126915176 235.6428063457588
857 211.28137517939996 224.64068758969998
858 211.12772858246086 221.56386429123043
859 210.87908935975827 237.43954467987913
860 212.1953010301277 231.09765051506383
861 211.72656011915535 229.86328005957768
862 211.5679539398076 232.7839769699038
863 211.92145398364164 234.96072699182082
864 211.39645686629805 239.69822843314904
865 210.9080239602678 238.45401198013388
866 210.19973160868201 230.099865804341
867 210.20531669231895 239.10265834615947
868 209.6016942249048 234.8008471124524
869 209.50870277188469 237.75435138594236
870 208.8231713544883 238.41158567724415
871 208.79586718512996 228.39793359256498
872 208.20518452095712 225.10259226047856
873 208.03103343628754 233.01551671814377
874 207.43602442330993 225.71801221165498
875 206.9257222371618 225.46286111858092
876 206.55167833458012 236.27583916729006
877 206.15754264309976 232.07877132154988
878 205.62102377676362 224.81051188838182
879 205.41984954386146 218.70992477193073
880 205.3795308850269 221.68976544251345
881 205.1474161540848 222.5737080770424
882 205.28375758768522 223.6418787938426
883 204.9069079327789 236.45345396638945
884 205.09662337255216 234.54831168627607
885 205.19641148485613 219.59820574242806
886 205.012877500434 218.506438750217
887 205.6862263733359 227.84311318666795
888 205.99430317408942 226.9971515870447
889 205.2101891622353 225.60509458111767
890 204.7204194855874 225.3602097427937
891 203.92793398768532 229.96396699384266
892 203.56236036215685 216.7811801810784
893 203.6963498134509 221.84817490672543
894 203.34073367228785 222.67036683614393
895 203.55898212634634 227.77949106317317
896 203.0731596202032 225.5365798101016
897 203.62456261520498 227.8122813076025
898 203.12366244265718 228.5618312213286
899 202.9436249199691 218.47181245998456
900 202.63746585466106 229.31873292733053
901 203.07722622365517 220.5386131118276
902 202.71819499032244 224.35909749516122
903 202.41827806462305 231.20913903231153
904 202.16310552791268 230.08155276395632
905 201.96961332287123 231.9848066614356
906 201.70605735752014 222.85302867876007
907 201.41951948367281 230.70975974183642
908 200.9652289185206 233.4826144592603
909 200.7695217601629 224.38476088008144
910 201.56264508981755 233.7813225449088
911 201.76745820533515 230.8837291026676
912 201.33699585386162 222.6684979269308
913 202.33058419864767 224.16529209932384
914 202.21713214948306 218.10856607474153
915 201.8651086824686 233.9325543412343
916 201.48677040089652 234.74338520044824
917 201.24011074846547 218.62005537423272
918 201.1047380953932 218.5523690476966
919 200.7493039685984 230.3746519842992
920 200.2787004982216 216.1393502491108
921 199.65862237122226 224.82931118561112
922 199.21926114759242 228.6096305737962
923 198.96925872794708 215.48462936397354
924 198.7640214568941 232.38201072844706
925 198.48993718325508 231.24496859162753
926 198.4961806514149 228.24809032570744
927 198.20158191335213 222.10079095667606
928 198.2598285421947 223.12991427109733
929 197.61917178517126 232.80958589258563
930 198.15330483445504 231.07665241722754
931 197.68229217011597 216.84114608505797
932 197.6662633185106 227.8331316592553
933 197.17954300404824 220.58977150202412
934 196.81742639417828 215.40871319708913
935 196.5017825522271 214.25089127611355
936 196.3377046188736 230.1688523094368
937 196.19911580267387 219.09955790133694
938 195.64369583738724 224.8218479186936
939 195.47708156819763 228.7385407840988
940 194.8279676971337 224.41398384856683
941 194.40986303326304 213.20493151663152
942 194.53967702945988 213.26983851472994
943 194.1974167457366 227.09870837286832
944 194.0428374786094 222.0214187393047
945 194.50926294931244 215.2546314746562
946 194.2042230387148 212.10211151935738
947 194.12553256530015 224.06276628265007
948 193.9559548043339 212.97797740216697
949 193.59006425735237 221.79503212867618
950 193.67619719624543 222.8380985981227
951 194.06828158691056 227.03414079345526
952 194.01450327412283 220.00725163706142
953 193.64767344974527 229.82383672487265
954 193.89843115806826 227.94921557903413
955 193.65873798458617 224.8293689922931
956 193.26032345435868 215.63016172717934
957 193.0891272907394 212.5445636453697
958 193.04989725312748 219.52494862656374
959 193.37684085725726 221.68842042862863
960 193.67582291376834 216.83791145688417
961 193.3222818435513 225.66114092177565
962 193.02720411891693 211.51360205945846
963 192.58547115966942 213.2927355798347
964 192.31527200044326 217.15763600022163
965 191.8483493224642 213.9241746612321
966 191.75044124047875 222.87522062023936
967 191.62396101964808 220.81198050982402
968 191.38927664829555 222.69463832414777
