1 8834.661124066184 0.7637278430053535 0.23947650170459917 0.24121094
2 8525.384275598564 0.7398622933894001 0.22535220032045153 0.24121094
3 8694.535810643616 0.7509958352412501 0.23691543235130674 0.24023438
4 8368.943270073905 0.7289449648134243 0.2158986652685386 0.24023438
5 8351.240409888362 0.7266760927063791 0.2168958547718562 0.24023438
6 8331.746460514376 0.7237363726184187 0.21887649095576067 0.24023438
7 8031.955636862392 0.6989011307553946 0.2085888185779972 0.23925781
8 8062.720037374985 0.6936250875506154 0.2252937794339141 0.23925781
9 7850.691012412385 0.6736131140831921 0.22291192564232615 0.23876953
10 7709.2040229106515 0.6520014095763262 0.23783794871810512 0.23876953
11 7304.838180813343 0.6124283657468657 0.23611087434912267 0.23828125
12 7014.0958688851115 0.583341363540784 0.23613641469204358 0.23803711
13 6758.998166207486 0.5586310824636693 0.234537438440961 0.23779297
14 6481.909452372558 0.5332884781333291 0.2298049056279288 0.23754883
15 6203.941903661898 0.5057720218578645 0.2292443093681883 0.23706055
16 5926.284331773678 0.47736321546519234 0.2305304113786942 0.2368164
17 5673.1662272292415 0.45082944207012715 0.23297433876666526 0.23657227
18 5490.670025192679 0.4266931356494722 0.24474771477846488 0.23632812
19 5300.142557474862 0.40381392565896057 0.25240064206668034 0.23608398
20 5143.109120165772 0.3834313499988914 0.26175910592448226 0.23583984
21 4981.228442003674 0.3651044104118876 0.26603684936285205 0.2355957
22 4819.014111658489 0.3485725103823338 0.26665778519957567 0.23522949
23 4654.626722912092 0.3337163975943825 0.2634925342166423 0.23498535
24 4511.003610833329 0.3204877344117047 0.261225238721983 0.23474121
25 4368.130465076884 0.3082447142404556 0.2571366517570476 0.23449707
26 4242.571273372248 0.2974407373840525 0.253632767362645 0.23413086
27 4132.396602114484 0.28778882916759946 0.25090164983504876 0.23388672
28 4030.933280674301 0.2789392537901383 0.2483081368170225 0.23364258
29 3924.6998967949135 0.2699332743788919 0.2450734187913176 0.23339844
30 3813.494519429595 0.26110519963134243 0.24048849337238928 0.2331543
31 3704.1506688478535 0.25264035120831824 0.23554942067600632 0.23291016
32 3607.7812490834403 0.2445447707868274 0.23246669812511173 0.23266602
33 3524.9383111351367 0.23711888830583538 0.23074987542933645 0.23242188
34 3443.9634881778566 0.2299534924645474 0.22888570264358585 0.23217773
35 3355.973462637885 0.2230385141773209 0.22511765437701683 0.23187256
36 3283.159570446034 0.216568549448275 0.22349480601410976 0.23156738
37 3207.5211076949277 0.2102996371723764 0.22090493830107025 0.23138428
38 3131.3418720601703 0.20425632815070038 0.21775570916377524 0.23114014
39 3059.320159897768 0.19859684820588366 0.2146703271310106 0.23083496
40 2988.3126521537206 0.19321655473261984 0.21122941282176697 0.23059082
41 2923.155124529558 0.18829078402692248 0.2080494491224319 0.23034668
42 2861.679452960441 0.18356620536472695 0.20520347239071057 0.23010254
43 2795.6367777542073 0.17884438736402158 0.201438573485675 0.2298584
44 2740.528761057153 0.17459933164247404 0.198907081779981 0.22961426
45 2687.0636488734967 0.17056617273849903 0.19628037735615156 0.22937012
46 2631.2414009344716 0.1665973690637147 0.19305353537451156 0.22912598
47 2576.560924918035 0.1627493685565527 0.18981344127746266 0.22888184
48 2524.794111048501 0.15909115715629757 0.1867765015025034 0.2286377
49 2473.910021049589 0.15547860597265387 0.1838247859522901 0.22839355
50 2426.9371612769505 0.1520595397395891 0.1812683466431661 0.22814941
51 2381.00907986996 0.14867092676656077 0.17885995639446542 0.22796631
52 2338.797960252779 0.1454340464127097 0.1768914931418906 0.22772217
53 2294.7562995672547 0.14231451297212622 0.1743222281270771 0.22747803
54 2251.2731316895 0.13931052436710664 0.17163357183359537 0.22723389
55 2209.5876019743428 0.1364798334250297 0.16895784794765403 0.22698975
56 2167.412068123768 0.13369748999780529 0.16608742819499364 0.22677612
57 2130.565571628824 0.13115231073263325 0.16380848761683706 0.22650146
58 2094.1033469158433 0.12872141005921645 0.1613778441826898 0.22631836
59 2059.371794055534 0.12632587417480418 0.1592226054826709 0.22607422
60 2023.261987230089 0.12393683611880435 0.15677872040586555 0.22583008
61 1989.989171445627 0.12161284233013227 0.1547721449763623 0.22561646
62 1957.4146351599102 0.11934462171608438 0.15279367906679336 0.22537231
63 1926.9377543034038 0.11719759973712797 0.15099234683237783 0.22515869
64 1896.1072793445833 0.1150595074138041 0.14910243668238762 0.22491455
65 1865.013189913092 0.11299263224187998 0.14701736928548928 0.22470093
66 1836.3516890009334 0.11107677281867541 0.14511678800219008 0.22445679
67 1807.4612896007052 0.10912419463316801 0.14324386450788237 0.22424316
68 1782.3762314127882 0.10741147867313464 0.14165228496391016 0.22399902
69 1755.1730360462707 0.10562190305098611 0.13979079716808726 0.2237854
70 1729.7726977614745 0.10385682227834087 0.13824089118548769 0.22357178
71 1704.3865952871092 0.10218753192214096 0.1365022514861197 0.22335815
72 1679.508150981885 0.10056548765033799 0.1347706511997314 0.22311401
73 1657.131468265815 0.09898753127441422 0.13345122735735251 0.22290039
74 1632.9200799877424 0.09740162760868563 0.13178075716152923 0.22268677
75 1608.8761173655114 0.09590180096469064 0.12997161792576073 0.22247314
76 1585.54323607036 0.09445261918015077 0.12820340536213418 0.222229
77 1562.6476429304598 0.09299159168421971 0.12654634191218317 0.22201538
78 1541.811845939415 0.09164782161748786 0.12506672275049915 0.22180176
79 1520.5345734024838 0.09030965531353122 0.12348760094482124 0.22158813
80 1500.994101137655 0.08899300118665067 0.12221281477404874 0.22137451
81 1480.5728010575738 0.0877313122502008 0.12065193258039435 0.22113037
82 1462.342341863824 0.08647099585072779 0.11952647358935098 0.22091675
83 1443.1128842860453 0.08523694172476864 0.1181486903101285 0.22070312
84 1424.4944403038508 0.08400794110092755 0.11688300288434066 0.2204895
85 1408.5616828667264 0.08292349748816588 0.11586533877062331 0.22027588
86 1390.330910635127 0.0817549263786711 0.11455632656962991 0.22006226
87 1373.3534657768885 0.0806896811194819 0.11329132817840841 0.21984863
88 1358.7996191580746 0.07962183590955407 0.1125162493429708 0.21966553
89 1342.281649175994 0.07858533934453585 0.11128564845590966 0.21942139
90 1327.1697036816718 0.07757927323698177 0.11027539160112555 0.21920776
91 1310.7786582095719 0.07655316133381121 0.10904940627420795 0.21899414
92 1294.7240551256589 0.07553680974757694 0.10787118882406489 0.21878052
93 1280.095994270875 0.07456628066806352 0.10688663494708721 0.2185669
94 1265.560438078736 0.07362733421773948 0.10585741669973954 0.21838379
95 1252.1621941304243 0.07277026436297086 0.10489190767951553 0.21817017
96 1237.4938676903073 0.07188079057301502 0.10373719006338047 0.21795654
97 1223.0737432802496 0.07096065644773335 0.10269343354421753 0.21774292
98 1210.2925999381337 0.0701762336327838 0.10170605049882907 0.2175293
99 1197.7459184503225 0.06934033769389464 0.10086850610098504 0.21731567
100 1184.4294926211198 0.0685636138743529 0.0997586685588386 0.21713257
101 1171.2449226072338 0.06775095403415697 0.09874707428449164 0.21691895
102 1159.3238361261642 0.06695575935304911 0.09795324640085752 0.21670532
103 1147.235189580034 0.0661969436820911 0.09705314846214527 0.2164917
104 1135.9806394205004 0.06545089476992218 0.0962943362621687 0.2163086
105 1123.985492594239 0.06470529951904508 0.09538649740171674 0.21609497
106 1112.6535866469728 0.06400659406372299 0.0945175272220207 0.21588135
107 1101.715922499862 0.06331196025483979 0.09371926201508535 0.21569824
108 1092.6955764203542 0.06265464733276166 0.09322981868513645 0.21548462
109 1082.965993981421 0.06201033290691871 0.09257253108667889 0.215271
110 1075.759703991933 0.061398620064391785 0.09235469888075969 0.21508789
111 1065.4592623615772 0.060756533986799546 0.09157878271121335 0.21487427
112 1054.4351234157161 0.06008583531460179 0.09071535230793976 0.21466064
113 1043.396751314528 0.059434797321215066 0.08980975393382833 0.21447754
114 1033.0328742332422 0.05882666201184073 0.08895324912766531 0.21426392
115 1026.5183702775937 0.05830225805758326 0.08869915624500045 0.2140503
116 1016.6644459028842 0.05769005927738147 0.08795276899362518 0.21386719
117 1006.9645053881432 0.05709348897115746 0.08720592154474627 0.21368408
118 998.945968315629 0.05651814736319559 0.08675289733044969 0.21347046
119 990.6690845723883 0.05596014861466156 0.08621351808173108 0.21328735
120 981.6019719283527 0.05539679528581503 0.08552680220627908 0.21307373
121 972.4944339789763 0.05485136970768823 0.08479614575653988 0.21289062
122 964.3811126834408 0.05434093461878382 0.08419435167494144 0.21270752
123 956.7354549950344 0.05386680562704997 0.0836134781177449 0.2124939
124 948.3430025042628 0.05334983750851129 0.08296892390711759 0.21231079
125 939.9343104121207 0.05281579013315927 0.08235528021673008 0.21212769
126 931.9523244014194 0.05230911508410366 0.08177223311563345 0.21191406
127 924.5439823203194 0.05181720352446946 0.08127438784396683 0.21173096
128 916.8501737699636 0.05134518722455404 0.08067965872133992 0.21154785
129 909.4762479754903 0.050912297945286046 0.08007065223113745 0.21133423
130 902.9185658304715 0.05047690089601153 0.0796299098824717 0.21115112
131 895.2165279531645 0.05000371308157345 0.07903587793558099 0.21096802
132 887.4900813342454 0.0495261878453094 0.07844563909716896 0.2107544
133 879.5836734143609 0.04905428970223991 0.07780815384493832 0.21057129
134 873.1394148184872 0.04862076703987123 0.07738634743426841 0.21038818
135 866.3005552803826 0.048196814574845974 0.07686648050656551 0.21020508
136 860.5019594277794 0.047840130160404816 0.076420130147476 0.21002197
137 853.4901942255742 0.04742054751003686 0.07585694240504258 0.20983887
138 847.2338001066908 0.04703116468866583 0.07538442920813561 0.20962524
139 840.896709868111 0.046622621431048415 0.0749340977708351 0.20944214
140 834.5263244588065 0.04622530286403862 0.07445465788692361 0.20925903
141 829.1772945767167 0.04587788136172125 0.0740796949488304 0.20907593
142 822.7892217424978 0.045478200537937274 0.07360144207508523 0.20889282
143 816.5756184263641 0.04509678892023137 0.07312154470839995 0.20870972
144 811.3971832319863 0.04473904079833614 0.07280135400400642 0.20852661
145 805.8953308609703 0.04436765773886551 0.07244374971155855 0.2083435
146 800.0223189200174 0.04400419910592459 0.07199606463548751 0.2081604
147 794.3444776181426 0.043654575247650027 0.07155974407815757 0.2079773
148 790.3580268674508 0.04334667517643662 0.07137825409765998 0.20779419
149 784.2417499846564 0.04299400011108216 0.07086034885413996 0.20761108
150 778.5971419377321 0.04266607447613766 0.07038727857891175 0.20742798
151 774.3840715900384 0.04233979004514304 0.07019723336423753 0.20724487
152 770.1976530141632 0.042024917550788854 0.06998969461225804 0.20706177
153 765.4301948931638 0.04172431297180905 0.06963741211748418 0.20687866
154 760.5869255663805 0.041378396977268236 0.0693605902823149 0.20669556
155 756.0252318462639 0.041073466433634236 0.06905811261053683 0.20651245
156 752.3154367177153 0.04075827000222767 0.06894654647893411 0.20632935
157 747.3016931718229 0.040447754070927995 0.06856482961044688 0.20617676
158 742.2439945927722 0.04014376485983268 0.06816126834948814 0.20599365
159 736.7164475811819 0.03983250576160786 0.0676782771769082 0.20581055
160 735.3546492021935 0.03966091975999142 0.06774908942235272 0.20562744
161 731.4623946503235 0.039375113853730735 0.06754225032113051 0.20544434
162 726.9030388734917 0.03908980395820421 0.06720099894222523 0.20529175
163 722.6517613937414 0.03880225495877003 0.0669258414257375 0.20510864
164 718.2493959209543 0.038524048087305536 0.06660178208524939 0.20492554
165 713.1589785597621 0.03825051403694705 0.06613076675953015 0.20474243
166 709.2156340253034 0.038020715048128775 0.06580169588436675 0.20458984
167 705.1507919387356 0.037802076903793135 0.06542600374416872 0.20440674
168 701.2804599783113 0.037571576691957355 0.06511293780977358 0.20422363
169 696.708756170904 0.03730284979102828 0.06473605090847864 0.20407104
170 692.7139596014636 0.03705243105169821 0.0644379291028584 0.20388794
171 689.3972802516772 0.036819470619676206 0.06424051413658517 0.20370483
172 686.216248164132 0.03658723272431914 0.0640687834827696 0.20355225
173 681.7908765222007 0.036322444498998435 0.06371328564593096 0.20336914
174 678.9993326402993 0.036146125345132875 0.06350761522207966 0.20318604
175 676.3104939898689 0.03601342238620275 0.06323525335759761 0.20303345
176 672.8680369734287 0.03580403497233867 0.06296553683069071 0.20285034
177 669.6933517985983 0.03558537954669089 0.06276791062263157 0.20269775
178 668.8597802395433 0.03539364708736319 0.06298466127527773 0.20251465
179 664.892973387861 0.035162253862860676 0.06265408631961443 0.20236206
180 662.3348522706774 0.03494673406866253 0.0625735016582051 0.20217896
181 658.4786135198339 0.03472613946968556 0.0622434430863905 0.20202637
182 655.4014877206564 0.03452449123912609 0.06203131438716156 0.20184326
183 652.246330971896 0.034355846231421204 0.061737573057912574 0.20169067
184 648.4212896684597 0.03412268004894381 0.061438897222306 0.20150757
185 645.7529768899994 0.03392488603600048 0.061300822645473776 0.20135498
186 642.819385909341 0.033718169705381974 0.06112753716919993 0.20117188
187 639.5777505027544 0.033528853720823454 0.060857842085769505 0.20101929
188 637.2137555891672 0.03335107514625032 0.06074060022749243 0.2008667
189 634.2688488100886 0.033172026165858085 0.060509716891711314 0.2006836
190 631.6391874249134 0.03300145431166857 0.060324928297471346 0.200531
191 628.4122736689379 0.03284916798058809 0.059984118257132596 0.2003479
192 625.9914893323506 0.03267284243634668 0.05985261249311422 0.20019531
193 622.9610790876686 0.03248117809692456 0.05962985914348746 0.20004272
194 619.6111663398087 0.03231436481879887 0.059293503193327185 0.19989014
195 616.8274738823332 0.03212048680375406 0.059124520761777065 0.19970703
196 613.8817250789918 0.0319416035497299 0.0588931374639485 0.19955444
197 610.2460452274817 0.03175863735045617 0.058531933953076445 0.19940186
198 608.3406233624387 0.03166970404659984 0.0583287162211754 0.19921875
199 605.4340695448903 0.03150564010764745 0.05807553331544751 0.19906616
200 602.9676472243218 0.03134543501093809 0.0579026590275087 0.19891357
201 600.1453891791089 0.031182136608065323 0.057664804211178984 0.19876099
202 596.9549873323849 0.031004554617658452 0.05738188780141425 0.1986084
203 595.8705500171733 0.03089049248841594 0.057393124599467146 0.1984253
204 593.5005272187996 0.03073326204820737 0.0572335809708774 0.1982727
205 590.6038666650552 0.030600174265138638 0.05692042449048647 0.19812012
206 588.9472010177163 0.03045407346577079 0.05688129298720053 0.19796753
207 586.3513006536273 0.030293743731174147 0.05668277236585252 0.19781494
208 583.2104202168282 0.03013256611638391 0.05637695154923844 0.19766235
209 580.3082951927918 0.029958348584060008 0.05614496162119192 0.19747925
210 577.5651049220337 0.029810767977597366 0.055891484772899604 0.19732666
211 575.0313024028148 0.029647822633858324 0.05571061498416757 0.19717407
212 572.0322145599791 0.029499392361752544 0.05540765798398318 0.19702148
213 569.5124331419088 0.02936690416514987 0.05516867810507826 0.1968689
214 567.8318018913178 0.02923992666639177 0.05508650684184388 0.19671631
215 566.3209307884507 0.029097412161493835 0.055069361557579556 0.19656372
216 563.8890183589334 0.028934314915833065 0.05490917353931473 0.19641113
217 561.2591047757325 0.028781117812620563 0.05468958505594101 0.19625854
218 558.2598384985366 0.02863359339347482 0.05438478063785139 0.19610596
219 555.725891639335 0.0285203648554626 0.0541044483261926 0.19595337
220 553.4150119317632 0.028419800468186797 0.053843401224682536 0.19580078
221 553.769622380298 0.028320656193757107 0.05411261183100991 0.19567871
222 551.0588061644821 0.0281783119191794 0.0538551371826578 0.1954956
223 548.9114066522137 0.028053729126073543 0.0536748228894626 0.19534302
224 545.9769436878821 0.02790628679709263 0.053382814968892835 0.19519043
225 543.6765370115993 0.027782099717591366 0.05317110782279924 0.19503784
226 542.1110418995631 0.027708820339236797 0.05300456753026505 0.19488525
227 539.9208166879293 0.027606318200368237 0.05277152675961566 0.19476318
228 538.3457568180605 0.02750569153014534 0.0526577681512678 0.1946106
229 535.9178606773635 0.027369762375513435 0.05244404719510248 0.19445801
230 534.2950869988069 0.027247380429448066 0.0523642563878292 0.19430542
231 533.0964528691577 0.027144378835195767 0.05233053276247675 0.19415283
232 531.5829241703834 0.027030298776811134 0.052255987111740856 0.19400024
233 529.2707550103232 0.026922089597029037 0.05200997159984442 0.19387817
234 526.978693728377 0.02682199141868474 0.0517517556721085 0.19372559
235 524.6042017910578 0.02671023887592234 0.05150036234523705 0.193573
236 522.3002021002212 0.026611992329003038 0.051236055514635184 0.19342041
237 520.430667053787 0.026504642273596092 0.051076848610416524 0.19326782
238 519.5380487885212 0.026413848724338777 0.051079911984597354 0.19314575
239 518.5510882982848 0.026323825575376086 0.05106256621058778 0.19299316
240 516.4909576021299 0.026214120424495137 0.05086995040232284 0.19284058
241 514.6498020202433 0.026090214566663873 0.05074953098219153 0.1927185
242 512.4536054067023 0.025972326706550603 0.050546067350135254 0.19256592
243 511.01494691030376 0.025870960910007224 0.05046106722855983 0.19241333
244 508.89920477828247 0.02578224047440019 0.050215359647474075 0.19226074
245 507.70670054900484 0.025696309724937628 0.05014872035197291 0.19213867
246 506.2735392902309 0.02560560960255357 0.050043488379661626 0.19198608
247 504.9212818016823 0.025511368131391734 0.04996151983798872 0.1918335
248 503.0800971612191 0.025407737877969325 0.049800543352187705 0.19171143
249 501.61667384744356 0.025323958240454903 0.04967541797695063 0.19155884
250 500.04656961432045 0.02524582739039216 0.049517658812567845 0.19143677
251 497.81578894660197 0.02515213159102945 0.049258894257159874 0.19128418
252 495.8507624108335 0.025055355501601068 0.04905944117494696 0.19113159
253 494.91812659841946 0.024972418818070576 0.04903878733359363 0.19100952
254 493.10640467079696 0.02485743975808102 0.04890640103506442 0.19085693
255 491.66881710399844 0.024768179870903295 0.048797403269596945 0.19073486
256 490.9126264306498 0.024711738986095723 0.04875904691013611 0.19058228
257 488.7864259698884 0.024601044001836186 0.04855519676321076 0.1904602
258 487.6953551196536 0.024519572104041553 0.04849992641565974 0.19030762
259 486.5500047502335 0.024428721347969955 0.04845255788733662 0.19018555
260 484.4723886045625 0.024330182745610815 0.048234111856458754 0.19003296
261 482.5543572441573 0.024234707536419226 0.04804145600479294 0.18991089
262 483.09774575243193 0.024210104359609852 0.048199340072671265 0.1897583
263 481.01304933857676 0.024098871252718656 0.048004867032633285 0.18963623
264 479.3468389199253 0.023992242659113178 0.04788488213404962 0.18948364
265 478.03908287691155 0.023923662627047367 0.04776049097738259 0.18936157
266 475.9647764226837 0.02382044396033076 0.047552067013612566 0.1892395
267 475.59752972923684 0.023762381892505208 0.047594741838004925 0.18908691
268 474.01040880906254 0.023698154597570364 0.04740577226481887 0.18896484
269 472.1437985706771 0.023606628404507002 0.04721550257695792 0.18881226
270 473.27418829321954 0.023581183761501666 0.04749246981392823 0.18865967
271 472.0059561096819 0.02351009196416298 0.04738100690638244 0.18856812
272 471.94340230002746 0.02343087788636871 0.047526924315910886 0.18841553
273 470.15959194661286 0.023352331991775013 0.04732725402758665 0.18829346
274 469.0091651776958 0.023286712650050778 0.047228407366001555 0.18817139
275 468.4963722427462 0.023242029396878822 0.04721521528866235 0.1880188
276 467.00661230167697 0.023159786591960517 0.04708174888392951 0.18789673
277 466.40498548402905 0.02307507034302354 0.047130856002381614 0.18777466
278 466.47437041471073 0.02302605985899839 0.04724275396790188 0.18762207
279 465.2899930765672 0.022949176297661703 0.047159645597923745 0.1875
280 464.1429037268773 0.022876722179833518 0.047075135921401466 0.18737793
281 463.3269786119072 0.02280334117214725 0.04705871289279936 0.18725586
282 461.7001380497745 0.022712147934218902 0.046915731251918134 0.18710327
283 460.27141510592446 0.02265261116969145 0.04674906024692317 0.1869812
284 458.80748506522195 0.02260637054815062 0.04654875549489082 0.18685913
285 457.0508789494643 0.0225337776890048 0.04634261999570552 0.18673706
286 455.51515979592637 0.022467287355679603 0.04616845686574929 0.18658447
287 453.86282981665687 0.022403722240790663 0.045965121089578447 0.1864624
288 452.814382705729 0.022327211599406677 0.04590845298059153 0.18634033
289 451.5904038211695 0.02224720584623857 0.04582366875451566 0.18621826
290 450.43973274585966 0.022182415146032225 0.04572311592147808 0.18609619
291 448.9124664441168 0.022102660388588328 0.0455771721638175 0.18597412
292 447.9728445287263 0.022038276972551188 0.045518014630462164 0.18585205
293 447.9770298371611 0.022004815019662706 0.04558577558517923 0.18569946
294 446.88524022800414 0.02193359153689203 0.04550986465690434 0.1855774
295 445.4279782659602 0.02186915144930821 0.04534729247289798 0.18545532
296 444.08866669266695 0.021822580635132784 0.04517257179693884 0.18533325
297 443.2646014595593 0.021802860347384174 0.04504719926457638 0.18521118
298 441.42446946713045 0.021730341883737493 0.04482420979111235 0.18508911
299 439.851530917608 0.02166640567446407 0.04463749452127568 0.18496704
300 440.30577717535664 0.02164106730350799 0.04477902053890426 0.18484497
301 439.0636010294745 0.02157346452564083 0.04466579088854798 0.1847229
302 438.23213258486527 0.021500050134082897 0.04464632601596749 0.18460083
303 437.09600801595434 0.02144744870899774 0.044524303961809605 0.18447876
304 435.9960619512642 0.021400052415124538 0.0443991073750544 0.18435669
305 434.624854410768 0.02136152865804535 0.04420191336404729 0.18423462
306 433.790527878325 0.021304877056591343 0.044148351238776 0.18411255
307 433.1554058759918 0.021252441946207064 0.044126197088529606 0.18399048
308 432.28716929707014 0.021202884176050596 0.0440516652850017 0.18386841
309 431.2252317225758 0.021143347863092514 0.04395835034661666 0.18374634
310 429.9171414084699 0.021094165163713922 0.04379509767884695 0.18362427
311 430.6923654272059 0.0211160526553307 0.04390636753129263 0.1835022
312 429.4739230962138 0.021068745675126205 0.043757293032878015 0.18338013
313 428.3663195126027 0.0210084142936001 0.04365643505722842 0.18325806
314 427.26184192001267 0.020942876949575803 0.04356661420430293 0.18313599
315 427.2816912611301 0.020890383192187275 0.043675571547605374 0.18301392
316 426.195209839111 0.020819449177075844 0.04360014326840232 0.18289185
317 425.27532298842385 0.020778312869588762 0.043498438570373194 0.1828003
318 423.81641037900715 0.02072200011614074 0.04331928155391554 0.18267822
319 422.5264322021574 0.020668401258980465 0.04316848364455045 0.18255615
320 421.3079228831021 0.0206165689666958 0.043028446395525985 0.18243408
321 420.47822941289013 0.0205661511280786 0.04296334339923552 0.18231201
322 418.88075316146177 0.020503660820863377 0.04276882874911738 0.18218994
323 417.8603267938368 0.020454765786568924 0.04266253352114198 0.18206787
324 416.64805503182066 0.02040189138452096 0.04252582799616732 0.18197632
325 416.55694236771797 0.020391477859622115 0.042528432528293206 0.18185425
326 415.43871686203204 0.020354868872360824 0.04237800539845242 0.18173218
327 414.6748339980498 0.02030321180508255 0.04232854299494685 0.1816101
328 414.252439115411 0.020273097312361044 0.04230429307180058 0.18148804
329 413.77507767111257 0.02021775638313094 0.04231950264794299 0.18139648
330 413.3072108385652 0.020181974280332696 0.0422974934938417 0.18127441
331 412.16606752639433 0.02012868590579942 0.042175841579546264 0.18115234
332 412.4812293868883 0.020136167686984133 0.042223910415983244 0.18103027
333 412.209603875908 0.020118160188171776 0.042205600323191185 0.18093872
334 410.92966625737847 0.020064548064102704 0.042056837079779565 0.18081665
335 410.0100063548421 0.020014820279218425 0.04197236065171181 0.18069458
336 410.64454157159514 0.020008401221292747 0.04211210582178773 0.18060303
337 409.5762682400648 0.01996646460383816 0.04198232439794047 0.18048096
338 408.446531643523 0.019922387416593475 0.04184453144671487 0.18035889
339 407.6987083366023 0.019881101280610665 0.041777539066308475 0.18026733
340 407.0889577838095 0.019839365095500983 0.04173906131035782 0.18014526
341 407.3618275679209 0.019830978542289383 0.04181040832581559 0.1800232
342 406.57921764873464 0.019793651818994493 0.04172853981020365 0.17993164
343 405.9277949060783 0.019757296042991892 0.04167096680097577 0.17980957
344 405.1744968800357 0.019703595779074174 0.0416277077561173 0.1796875
345 405.09654264832807 0.019658963831004378 0.0417013807749908 0.17959595
346 404.124782005639 0.019609388609814756 0.041606179090772494 0.17947388
347 404.6920877585229 0.01964354502867476 0.041651327387041984 0.17938232
348 403.68423966410415 0.01959214069151797 0.04155256647025442 0.17926025
349 402.66057826918086 0.019560128111629035 0.041411859343879504 0.1791687
350 401.7581454512338 0.0195237340779785 0.04130416087778542 0.17904663
351 401.31203136487414 0.019495334932862877 0.041271736341992785 0.17892456
352 400.8944353714994 0.019483413808378286 0.041212059382584265 0.17883301
353 400.242727350253 0.01947072088447161 0.04110710364662037 0.17871094
354 399.4171528281397 0.019466221759522846 0.04095098698885219 0.17861938
355 399.1863135400242 0.019441921792355057 0.040953419090999504 0.17849731
356 398.4868979665681 0.019414329882675864 0.040868719821261716 0.17840576
357 398.00576642232716 0.019382201957647355 0.04083674936229425 0.17828369
358 397.59166587853906 0.019352484740570167 0.04081336370326616 0.17819214
359 396.90020105298004 0.019307899193371343 0.040764241782163875 0.17807007
360 396.42349672218705 0.019276883386311578 0.040730932496927975 0.17797852
361 396.01101924998227 0.019262850221115443 0.040676503384409285 0.17785645
362 394.97636054066203 0.019226405366909033 0.04054246132567148 0.1777649
363 395.402755661672 0.019223191137285874 0.04063416882149164 0.17764282
364 394.8053895843069 0.019178415662228523 0.0406042465748907 0.17755127
365 394.1766610795241 0.019136375138984373 0.04056258198256278 0.17745972
366 394.2571976002075 0.019119326726292338 0.04061278609425926 0.17733765
367 393.34327179750477 0.019076447751238464 0.04051575889452505 0.1772461
368 393.3609227864748 0.019087580192714084 0.040497024216867496 0.17712402
369 392.30328273588736 0.019042250333429985 0.04037615591969373 0.17703247
370 391.4412330347016 0.018995064693500954 0.04029811727748155 0.17694092
371 390.7926163909785 0.018949645783770765 0.040259231765073226 0.17681885
372 389.86340178340845 0.01891335394540359 0.04014597252810091 0.1767273
373 389.0537713764632 0.018877088916835 0.040056576502662394 0.17660522
374 388.47219447027516 0.018853347236092374 0.03998774441680283 0.17651367
375 387.74780306284356 0.018819695994406964 0.03991016858981919 0.17642212
376 387.69565177020553 0.018816084660456617 0.03990696105962286 0.17630005
377 387.0588534458487 0.01875959179247802 0.03989258715166006 0.1762085
378 386.3189921467561 0.018719700659181528 0.039824397184166235 0.17611694
379 386.34190870354394 0.018699400159262893 0.039869581539049605 0.17599487
380 386.18288715357 0.01867722015349185 0.03988213724586187 0.17590332
381 385.2256446517819 0.01862924343765845 0.03978664220644777 0.17581177
382 384.6988886356195 0.018620289171995676 0.03969919952099322 0.17572021
383 384.1568994829956 0.01860299466170072 0.03962539069856565 0.17559814
384 383.37471406265837 0.01857052442068972 0.039533894084462305 0.17550659
385 382.2719940581712 0.018532503205794894 0.03938939253782572 0.17541504
386 381.50980583957954 0.01851065359581635 0.03928065414041076 0.17529297
387 380.39397121770776 0.018454985456751123 0.039168823505634776 0.17520142
388 380.4967453970724 0.01844914614607884 0.039201056942809016 0.17510986
389 381.1457075030263 0.018475701095040837 0.0392777394615689 0.17501831
390 380.5641724151818 0.018439704944211203 0.03923342471635771 0.17492676
391 379.9762611098185 0.018396548803063486 0.03920215476606953 0.17480469
392 379.81993383681777 0.01837017823087018 0.03922363051808958 0.17471313
393 378.98888803993606 0.01833152971986209 0.039134718336111624 0.17462158
394 379.87866005751937 0.018349360728839813 0.03927701069097769 0.17453003
395 379.27621803799684 0.018338756862094484 0.039177730000576005 0.17443848
396 379.2472492375878 0.018312402083211745 0.03922464579232801 0.1743164
397 378.51289217283875 0.018279146740333874 0.039144285085255484 0.17422485
398 378.5085305355961 0.018248828730064573 0.03920404873253253 0.1741333
399 378.74479767725455 0.018241186338177 0.03926658693648351 0.17404175
400 378.00674032277686 0.018218957881178516 0.03916343234881402 0.1739502
401 377.103974241811 0.018210987475339693 0.03899881995966217 0.17385864
402 376.81202575123183 0.018190448890666275 0.038981507411575286 0.17376709
403 376.6218923870718 0.01817532163741132 0.03897373524324182 0.17367554
404 376.5644954613611 0.018154412857512545 0.039004073457573556 0.17355347
405 376.92742857172465 0.018138836551084257 0.039107812708240285 0.17346191
406 376.2869595129676 0.018093351803521555 0.03907068842925798 0.17337036
407 377.2559221398422 0.018068334695912035 0.03931451515454978 0.17327881
408 376.52493357515374 0.018032692031788533 0.03923960276526101 0.17318726
409 376.05934498473204 0.018022211854493254 0.03916744545036143 0.1730957
410 375.26867476333405 0.018016330074352365 0.03902107496653045 0.17300415
411 374.45121140541227 0.017970675854578545 0.03894889075804204 0.1729126
412 374.4127213944733 0.01793249574789506 0.03901755296505864 0.17282104
413 373.6620184453916 0.017921725722709225 0.038888952462431944 0.17272949
414 373.1040806352909 0.017894774090759496 0.038831268169173115 0.17263794
415 372.09991151329024 0.01785576404963289 0.03870845446716254 0.17254639
416 372.95236840796184 0.017855857448427742 0.03887875905684493 0.17245483
417 372.21864841167724 0.017806786811402193 0.0388301562829715 0.17236328
418 372.17721423003326 0.01778587270261931 0.038863697596769636 0.17227173
419 371.7885796271149 0.017762053677861957 0.03883360870209449 0.17218018
420 371.54135704577754 0.01775310201190408 0.03880206755348117 0.17208862
421 370.56257744766964 0.017727496107703522 0.038657523464445676 0.17199707
422 370.0805070675025 0.017711896976417695 0.03859230767941129 0.17190552
423 369.1027478113628 0.01767682398891269 0.038466901818751315 0.17181396
424 368.6592933459393 0.017654222640770007 0.038423413626588465 0.17172241
425 368.2619174412726 0.017626086786974738 0.03840021016514875 0.17163086
426 367.8811737272278 0.01762977759340248 0.03831667981032535 0.1715393
427 368.21526267878414 0.017615274896520646 0.03841250304122116 0.17144775
428 367.34475175170763 0.01757470930930918 0.03831953200647756 0.1713562
429 367.2006882557599 0.017565651935331324 0.03830883406707925 0.17129517
430 366.5552896682564 0.01755738975662566 0.038196278728006475 0.17120361
431 365.9104143874555 0.017544120545743842 0.03809384211821584 0.17111206
432 365.1767558455428 0.017503169530974486 0.03802901248422795 0.17102051
433 364.4274898447534 0.017457818927639836 0.037969860476292125 0.17092896
434 363.6571676994291 0.017437218053345437 0.03785699776732901 0.1708374
435 363.4552154099013 0.017454994540876283 0.037781054360678204 0.17074585
436 363.3896510699014 0.017460275501956224 0.03775737957712926 0.1706543
437 363.0377924769688 0.017437758901904177 0.037732041074604816 0.17059326
438 362.4288621828158 0.017401432486836916 0.037682907839134534 0.17050171
439 362.1731206603315 0.01738351237525525 0.037667599804976706 0.17041016
440 361.3401665992438 0.017359817147008638 0.037548399442161415 0.1703186
441 360.4941498345154 0.01735303151598614 0.03739276738242606 0.17022705
442 360.75348740225024 0.01737198179213805 0.03740673431760867 0.1701355
443 359.99898313151584 0.017352722557321305 0.037294351935193676 0.17007446
444 360.7087350195981 0.017337797461234407 0.03746615252988448 0.16998291
445 360.6373886888957 0.01730673065987729 0.03751401688820992 0.16989136
446 360.0794990436679 0.01726090035312316 0.03749409955531719 0.1697998
447 359.81121979766806 0.01723482622215239 0.03749259194250199 0.16973877
448 358.9456391634724 0.017215201741365028 0.03735872480308336 0.16964722
449 358.4413215432681 0.017201517854733693 0.03728522904688002 0.16955566
450 358.29771074732963 0.017203112129352896 0.03725331827409056 0.16946411
451 357.7916646651697 0.017179415055539667 0.03719950321141198 0.16940308
452 357.27888381232896 0.017146178344640377 0.03716342044647601 0.16931152
453 356.8191921959058 0.017111198168357707 0.0371414424792128 0.16921997
454 356.13300469122834 0.01708513976656077 0.037056321788393944 0.16912842
455 355.75012692341005 0.017101195073499158 0.03694763560112076 0.16906738
456 355.1986079610311 0.017115181365400984 0.03680935921099215 0.16897583
457 354.44650666741194 0.017111246764845378 0.03666680817297015 0.16888428
458 354.0918579613965 0.01710477315067331 0.03660882565328132 0.16882324
459 353.95406853118544 0.01708525695008886 0.03662030018148434 0.16873169
460 353.1038345183679 0.01705215483463944 0.03651645759603566 0.16864014
461 352.2934441363985 0.01703292768857258 0.03639283377968385 0.1685791
462 351.86845505581437 0.01702150938509296 0.03633067255534249 0.16848755
463 351.34139493575776 0.01701476431264068 0.03623875069571889 0.168396
464 352.0145049494312 0.01704174431766784 0.03631941265747004 0.16833496
465 351.3777633698263 0.01701789543669092 0.03623976210119722 0.16824341
466 351.7360851470073 0.0170033398787309 0.03634053756052521 0.16815186
467 351.70073343099483 0.016991149219167914 0.0363578485084514 0.16809082
468 352.6305262040483 0.017016339011840326 0.0364934274442307 0.16799927
469 351.93975250894454 0.016989404646792803 0.03640914144377924 0.16793823
470 351.05987148156987 0.016951186225654703 0.036309602105446544 0.16784668
471 350.78154783912004 0.016945648258303185 0.03626501332039731 0.16775513
472 350.03315475794807 0.016938461922339373 0.03612970737262349 0.16769409
473 349.4903870224964 0.0169344125462842 0.03602925254935095 0.16760254
474 350.00116127849634 0.0169281342109971 0.03614396404768936 0.1675415
475 349.5382063582007 0.01690354772190287 0.03610054606021906 0.16744995
476 349.1681906137707 0.016898116855747946 0.03603740466173595 0.16738892
477 349.3432765758311 0.016882409521404913 0.03610383649115883 0.16729736
478 348.83705016797734 0.016857489594663606 0.03605243105930206 0.16723633
479 349.2691254094317 0.01686040966885437 0.03613300596173067 0.16714478
480 348.82959548400163 0.01685359094739921 0.03605873744404062 0.16705322
481 349.0655275713352 0.016850808251038137 0.03611148931049027 0.16699219
482 348.8872030114579 0.01682517368921549 0.03612709350314276 0.16690063
483 348.90105184377273 0.016796561028819792 0.036187088610079646 0.1668396
484 348.3959678170539 0.016769618386502826 0.0361399571059992 0.16674805
485 347.81681922258423 0.016741483311716095 0.03608039752046471 0.16668701
486 348.21827668181766 0.016766530860290736 0.036110593926139224 0.16659546
487 348.40024264926694 0.0167564461152193 0.036167156607725945 0.16653442
488 348.1936197270017 0.016719767422101888 0.036199189440089506 0.16647339
489 348.6161908382506 0.01671085300856895 0.03630153254921887 0.16638184
490 347.94517679173737 0.016683729799863233 0.03622157616838168 0.1663208
491 347.6139911608167 0.01669619195699566 0.03613041473545247 0.16622925
492 347.3259469954802 0.016691466533267318 0.03608225673951586 0.16616821
493 347.88322426123585 0.01670322097404025 0.03617020324789531 0.16607666
494 347.5956609034429 0.01668573070510122 0.03614767112281806 0.16601562
495 347.2903244927185 0.01666084635643412 0.03613637253827079 0.16592407
496 346.6130926272685 0.016634793578205038 0.03605303169018166 0.16586304
497 345.96638463398546 0.016608721186685105 0.035975834869681346 0.165802
498 345.66049533460136 0.01660989000361351 0.03591231937249379 0.16571045
499 346.9094709064911 0.01661126135442365 0.036159371766141785 0.16564941
500 346.2196157939395 0.016586164690514923 0.03607159406414267 0.16555786
501 345.3383325920424 0.01655604422625973 0.035955578355840484 0.16549683
502 344.76045180763805 0.016526033142202218 0.035900024389862485 0.16543579
503 344.53705446577936 0.01653147917286652 0.03584445282846083 0.16534424
504 345.1028363807577 0.01652558633937668 0.035969394903680105 0.1652832
505 344.5300855885233 0.01649059993629355 0.03592481756133294 0.16522217
506 344.33276854018874 0.01647188154575043 0.035922790954640245 0.16513062
507 343.64937585449394 0.016449498552755237 0.03583087841097472 0.16506958
508 343.2313163853428 0.016432043108878726 0.03578217738408975 0.16500854
509 342.8837646634913 0.016425130094327983 0.03572649308396266 0.16491699
510 342.61681363360617 0.0164209361151912 0.03568149083991506 0.16485596
511 342.2104466923316 0.016395319951459954 0.03565144975576069 0.16479492
512 342.1136469965019 0.016390016598635 0.035642696529875416 0.16473389
513 342.2148309873638 0.01639683736637979 0.035649291793936874 0.16464233
514 341.7004186732844 0.016395884623403245 0.035548314816220755 0.1645813
515 341.2834185540316 0.016403156289269766 0.035450371480412995 0.16452026
516 340.85279899040734 0.01638965913650784 0.0353912418668638 0.16442871
517 340.44517896746703 0.01637437964265943 0.03534027682843469 0.16436768
518 341.4540525707858 0.016373487908066642 0.035543835030526535 0.16430664
519 340.894244832098 0.016340273787631712 0.035498301683368844 0.1642456
520 340.09790882563544 0.016319058002325887 0.03538146602500034 0.16418457
521 340.3439418325799 0.01632956176854426 0.03540966514312688 0.16409302
522 340.705874325128 0.01632286102323686 0.03549545316798593 0.16403198
523 340.2748440671281 0.016284232561902937 0.03548650405965776 0.16397095
524 339.9615372071451 0.016264849386676168 0.035462609037061284 0.16390991
525 339.447340826142 0.016229608816389723 0.03543025091282229 0.16384888
526 338.5366040687478 0.016209235549557645 0.03528885010211769 0.16377258
527 338.22393856167815 0.016219264157434115 0.03520625980094484 0.16369629
528 338.8219433518 0.016228580383786346 0.03530722823913339 0.16363525
529 338.3242303340355 0.016214548836168706 0.03523574872252404 0.16357422
530 337.68307974250393 0.01619002402328436 0.03515656823474582 0.16351318
531 337.37109730176735 0.016188195290175275 0.03509782919234311 0.16345215
532 336.86297493579633 0.01617503461554309 0.035022526093243515 0.16339111
533 336.1140933073968 0.016158891139260525 0.034905036743720176 0.16333008
534 335.5079597512044 0.0161250898136891 0.03485141266763391 0.16326904
535 334.74862803655066 0.016100281117487975 0.03474916375163645 0.16317749
536 334.1355425328927 0.01607706914363892 0.034672970597157717 0.16311646
537 333.8844044290248 0.016055875087276874 0.034665131097407396 0.16305542
538 333.4244696941328 0.016034182989459276 0.034616528302160034 0.16299438
539 332.45960445464925 0.016015297302404558 0.034461326607422856 0.16293335
540 332.3198954222107 0.016004454136485873 0.034455071062194045 0.16287231
541 331.8951628750528 0.01599478165166128 0.03438946953342298 0.16281128
542 331.080639292226 0.015985978342234756 0.03424417142158838 0.16275024
543 330.4341318727084 0.015949635214835473 0.03418755619583304 0.16268921
544 329.9779492673424 0.015931964134385503 0.034131661796955724 0.16262817
545 329.24309855320024 0.015910200668977987 0.03402821855880903 0.16256714
546 328.6389490036964 0.015878547747459313 0.03397069449100434 0.1625061
547 328.1547340766197 0.015864785362273794 0.033901376297501874 0.16244507
548 327.5520625542285 0.015831913164496763 0.03384658638051728 0.16238403
549 327.06606662726153 0.015829339922506153 0.03375453371879246 0.162323
550 327.4309283130823 0.015831235469034404 0.03382371498755589 0.16226196
551 326.6706962815891 0.015803680246570157 0.0337267790501442 0.16221619
552 326.02565741170446 0.015774223320015615 0.0336566851034776 0.16217041
553 325.6844172766701 0.015751595789250665 0.033633692154586024 0.16210938
554 325.09592406115706 0.01572766247392504 0.03356386013506842 0.16204834
555 324.646762311448 0.015742315557643837 0.03344472162358751 0.1619873
556 323.8180286783859 0.01570456371402936 0.033354478599765244 0.16192627
557 324.11717594821977 0.015701241943405362 0.03342095158654368 0.16186523
558 323.4436820759791 0.015670293456869912 0.03334814977481096 0.16183472
559 322.86487010452817 0.015642676129175664 0.03328762200259678 0.16177368
560 322.07333288393147 0.015623262349781836 0.0331681421127025 0.16171265
561 325.02318697795755 0.015705071848338532 0.03359449399501899 0.16168213
562 324.3426678667008 0.015673884660729838 0.033520764522104216 0.16159058
563 323.6581062795909 0.01565015854557867 0.03343130440918495 0.16152954
564 324.19587197313007 0.01565940859238419 0.03352035747240408 0.16149902
565 323.72277858791256 0.0156517704255525 0.03344101513718504 0.16143799
566 323.18572491896845 0.01562902040785375 0.03337910445623242 0.16137695
567 323.1974111621543 0.015611672096786799 0.033416138313048425 0.16131592
568 323.2948704640015 0.015590450810786033 0.033478072787700035 0.1612854
569 323.7268147644591 0.015569264394136749 0.033606834494240664 0.16122437
570 322.8343369860668 0.015525465374047146 0.033515936992925655 0.16116333
571 321.8549297076979 0.015478685680013492 0.033413614931975734 0.16111755
572 321.0310213093397 0.015452953631110714 0.03330029733089757 0.16105652
573 321.5611983756018 0.015470033874247946 0.03337217219613451 0.16101074
574 321.2903499102473 0.0154336261949628 0.03339081783115726 0.1609497
575 320.302426437966 0.015386139290458244 0.033288206923073604 0.16090393
576 319.3189871727164 0.015356786013895674 0.03315022560157712 0.16085815
577 319.1642578446838 0.0153603013509116 0.03311224905185371 0.16079712
578 318.17479504821756 0.015337160830706839 0.032960637517217235 0.16075134
579 317.51597020566226 0.0153320326939187 0.03283912880872077 0.16070557
580 317.160981890416 0.0153167094505975 0.032798777618529985 0.16064453
581 317.3240674008886 0.015307056265628305 0.03285070111000511 0.1605835
582 316.24683415578073 0.015272503474521797 0.032704360026337934 0.16055298
583 315.6162301144644 0.015260940461489953 0.03260136525216633 0.16049194
584 315.3975507221531 0.015269781593785118 0.03253994709222511 0.16046143
585 315.39630733370694 0.01524900091288067 0.03258125972471926 0.16040039
586 315.4027478322362 0.015245613665497168 0.03258932232743745 0.16033936
587 314.46177131587376 0.01520036102829794 0.03249163228425292 0.16029358
588 313.8413289341955 0.015185201089689805 0.03239786368489258 0.1602478
589 313.2686273457944 0.015165089848731633 0.032323545817872036 0.16018677
590 312.4815924157091 0.015150807463786959 0.032194703593870645 0.16015625
591 311.52478118418816 0.015106088455523302 0.0320927793530721 0.16009521
592 311.773021257884 0.015067946024265802 0.03221871219237382 0.1600647
593 311.01052817336426 0.015029534462232059 0.032143036689216434 0.16000366
594 310.0339956935214 0.014980309869294706 0.03204617938772891 0.15995789
595 309.45297860791993 0.014948259442682191 0.031994076813918866 0.15991211
596 310.1378937214377 0.014955286286955971 0.03211700614626677 0.15985107
597 309.50020503533955 0.014920131444135154 0.03205977807398713 0.15982056
598 309.84801905062966 0.014897769093050982 0.03217406558253077 0.15975952
599 308.7983388145649 0.014855421614743677 0.032048824486433126 0.15971375
600 307.8736670130534 0.014826284277091642 0.03192216480871728 0.15966797
601 308.2775759936866 0.014835194542079365 0.03198512602191252 0.15963745
602 308.380843516473 0.014839817330872048 0.03199653390150909 0.15957642
603 308.82564294076224 0.014810945279742525 0.03214323790442798 0.1595459
604 309.37622715887187 0.014796842067833384 0.032281561189393335 0.15948486
605 309.09896392619015 0.014771436628718824 0.032276919381501755 0.15945435
606 308.0618144090197 0.014725787501556906 0.03216078773421625 0.15939331
607 307.49331545768797 0.014713501316014607 0.03207166032024602 0.15934753
608 306.9889393173231 0.01469495870981295 0.03200787028097206 0.15930176
609 306.37786194802845 0.014682347309147657 0.03191087759944298 0.15925598
610 305.74932098908243 0.014645947569181311 0.031857968899254685 0.1592102
611 305.9304979362327 0.014629051748662214 0.031927995911676145 0.15917969
612 305.14690288836636 0.01459262358785611 0.0318441332341625 0.15911865
613 304.37223325654566 0.014565882485510571 0.031742681514828015 0.15907288
614 304.34939093293485 0.01454428468185776 0.03178130864867661 0.1590271
615 303.6174810978699 0.014507246263208267 0.03170900349141149 0.15899658
616 302.8181904940628 0.014475497860284117 0.031612642162722186 0.1589508
617 302.49801703762665 0.014447971603265773 0.03160365997293873 0.15890503
618 301.9558881689458 0.014438580918599215 0.03151401557440428 0.15885925
619 301.0309806537678 0.014412488025747992 0.0313812198526084 0.15881348
620 300.11711722899946 0.01438793616614214 0.03124755089666239 0.15878296
621 299.84221766225653 0.014368129921504099 0.031232183518866564 0.15872192
622 298.97365156097584 0.014331530653889833 0.03113166886089906 0.1586914
623 298.0709138064386 0.014287723291376987 0.031038736050548812 0.15864563
624 298.08319418151314 0.014285698821358453 0.031045241066256026 0.15859985
625 297.78286671101034 0.014268189927427425 0.031020193360875185 0.15856934
626 296.88226176028934 0.014239266533497826 0.03089791912996977 0.15852356
627 296.65574294995275 0.014217179873174354 0.030896788685146902 0.15847778
628 295.7880177635619 0.01419361278549329 0.030770377821206053 0.158432
629 295.2330215077552 0.014166204315519567 0.03071419550939091 0.15840149
630 294.8736872959545 0.014171155670875502 0.030632425948916634 0.15835571
631 294.7353354202778 0.014145298399902648 0.030656470146105782 0.1583252
632 293.5159462901879 0.014092624798884316 0.030517939551720708 0.15827942
633 292.7119496688237 0.014059334311713002 0.03042372119642942 0.15823364
634 292.12262633826396 0.014031907655423715 0.030360709849440552 0.15818787
635 291.0106409513058 0.01399325588334463 0.03021561630220687 0.15815735
636 290.6343493362364 0.013997395998294937 0.030132077762120627 0.15811157
637 290.5810928906903 0.013990312371057351 0.03013559370827451 0.15808105
638 289.8693953518329 0.013965081084240317 0.030043716784312387 0.15803528
639 289.5107800687009 0.013936096860651438 0.030029962142578605 0.1579895
640 288.70602011180534 0.013898136041775517 0.02994493179982535 0.15795898
641 288.356368686075 0.013873531356542877 0.02992421092047591 0.15791321
642 287.2399127528502 0.013829352589589 0.02978927726370249 0.15786743
643 286.56317408899235 0.013805981797207293 0.029700671129578103 0.15783691
644 286.42107792833957 0.013803190266580643 0.02967783500372653 0.1578064
645 285.7753799428948 0.013785168145884923 0.029584739673739105 0.15776062
646 285.04419024864524 0.013766679542870626 0.029475478931717022 0.15771484
647 284.08452558714515 0.013726747053491592 0.029363410974140577 0.15768433
648 284.11979989881905 0.013719572087054415 0.02938481576207257 0.15765381
649 283.3025450937413 0.013691249794874068 0.02927800938842095 0.15760803
650 282.9589977932927 0.013654992007851302 0.02928181553098739 0.15756226
651 282.4250276417225 0.013649005765025674 0.029186994001068663 0.15753174
652 281.79399351231126 0.013627542794909391 0.029103713119390397 0.15748596
653 280.700561932373 0.01360098769398262 0.028938137038166844 0.15745544
654 280.0370990461793 0.013591697876728901 0.02882402407710215 0.15740967
655 280.7761143033612 0.013628302748534361 0.028898617415154565 0.15737915
656 279.829471977514 0.01359302450290747 0.028779845469879505 0.15733337
657 279.41152337034833 0.013559170323933086 0.028763964106368042 0.15730286
658 279.3487251887801 0.013538964281677418 0.028791816537707803 0.15725708
659 278.6897298838738 0.01350836708368507 0.02872121186974964 0.15722656
660 278.38546564587557 0.013493098272419233 0.028690896632379528 0.15719604
661 277.69757060281927 0.013474177722249913 0.02859115873418964 0.15715027
662 276.8989832696595 0.01343237246318784 0.028515051775132992 0.15711975
663 276.0763020193776 0.013406099731623027 0.028403060966453644 0.15707397
664 276.0011675962089 0.013396695241572113 0.02840684303802985 0.15704346
665 275.25367278848574 0.013370800623353237 0.028309133322929746 0.15701294
666 275.43780858517124 0.013368571294057541 0.028350419147661416 0.15698242
667 274.9906625220683 0.013334775974044396 0.028328580556826924 0.15693665
668 274.57329521846714 0.013303921895835508 0.028306815273436252 0.15690613
669 273.7017031129751 0.013265214410738593 0.028209911836072694 0.15686035
670 272.99277687346085 0.013239582001757082 0.028119391404291014 0.15682983
671 272.51274832228637 0.013259478573590675 0.027983592548073224 0.15679932
672 272.8735916566445 0.013269936451205748 0.028034845439564682 0.1567688
673 272.10167402807707 0.013241446658372858 0.02793744151122573 0.15672302
674 271.3903784995201 0.013208118888263629 0.027861837920535898 0.1566925
675 270.2979007923281 0.013167682505003815 0.027724215145824578 0.15664673
676 269.55092917168446 0.013152108182614138 0.027605969485148915 0.15661621
677 269.28937490039755 0.013151477819646717 0.027554919333364333 0.1565857
678 268.63475779708864 0.013125874805496167 0.02747520194811903 0.15655518
679 268.1006699989087 0.013107002934277997 0.02740612814897248 0.1565094
680 268.0655608748271 0.01310372376425441 0.02740566468944461 0.15649414
681 267.47607921601525 0.013077883440179626 0.027339449012382656 0.15644836
682 267.27427433681686 0.013081723511640254 0.027291407898615217 0.15641785
683 267.1479879961406 0.013070740711261696 0.027288116258167832 0.15637207
684 266.9759002041601 0.013043211010407472 0.02730875808968609 0.15634155
685 268.1184483505308 0.01303999340449113 0.027543702959838875 0.15631104
686 267.1950416988146 0.012991563646796718 0.02745588112987501 0.15628052
687 266.27920790592896 0.012953388060628498 0.02734906556836266 0.15625
688 265.88844458073413 0.012968537745395166 0.027240613532287298 0.15621948
689 266.26385808061366 0.012975240047441302 0.027302291649653303 0.15618896
690 265.51651652447623 0.012948438454589864 0.027206426538743427 0.15614319
691 265.03350339615486 0.01293074359732341 0.027145213613233715 0.15611267
692 266.60221803821184 0.01297861674172682 0.027363210296475725 0.15609741
693 267.20353533159204 0.012958034029013766 0.02752463915316931 0.1560669
694 266.64275175245 0.012928700244339227 0.027471149996618916 0.15602112
695 266.17400922646317 0.012895596965974698 0.02744360804805414 0.1559906
696 266.1459577216199 0.012892882319654445 0.027443427040167428 0.15594482
697 265.4508311390648 0.01286101061905447 0.027368145153124183 0.15592957
698 265.0937134040868 0.01283716197171765 0.02734441888815962 0.15589905
699 264.224472210053 0.012805806590305934 0.027233281414783542 0.15586853
700 264.1755816658566 0.012796022143478481 0.02724307218726602 0.15582275
701 264.2111765115065 0.012793774979077866 0.027254685469825835 0.15579224
702 263.68860807967224 0.01277618606984498 0.027185349574388343 0.15576172
703 263.19466602711225 0.012747261610727357 0.02714441009046541 0.1557312
704 263.0151395765564 0.012713383382916294 0.027176261281785113 0.15570068
705 262.5137595735021 0.01268997248641042 0.027122807078588666 0.15567017
706 262.0334103288757 0.012677933292649412 0.02705081562980606 0.15563965
707 261.55443309908435 0.012672831706192659 0.026965223351448943 0.15560913
708 260.55804873244307 0.012643923734793849 0.026823762396540343 0.15557861
709 260.21053350707916 0.01263517443213775 0.026771757939565675 0.1555481
710 259.93785188800956 0.012630186448757926 0.02672719758697433 0.15551758
711 259.3933144107625 0.012609536726758765 0.02665958953278326 0.15548706
712 260.30144913212547 0.012620918295357345 0.02681845332563348 0.15545654
713 259.3264965005579 0.012581075760584478 0.026703147860196265 0.15544128
714 258.5267361164176 0.012552932978533311 0.026599481344271373 0.15541077
715 257.97471566604656 0.012538075729446008 0.026518791749383597 0.15538025
716 257.86985817540375 0.012520734298423795 0.026532503124537758 0.15534973
717 257.5529430112224 0.01249992825546272 0.0265107322025581 0.15531921
718 256.86816296131883 0.012474604557998984 0.02642442357780228 0.1552887
719 256.16574583403724 0.012448013499249939 0.026337122253886115 0.15525818
720 255.86870589357116 0.012436386909388825 0.026300967446865685 0.15522766
721 255.56989571327242 0.012421741771857146 0.026270495680525845 0.15519714
722 255.12113058840342 0.012395857589003667 0.02623251101751988 0.15516663
723 254.31232664192711 0.012360366393551661 0.026141732622644163 0.15513611
724 253.9571455838469 0.012361170454215442 0.02606908826452102 0.15512085
725 254.37643483417173 0.012374680289860471 0.02612592643849889 0.15509033
726 253.4927106196616 0.012356051372966545 0.025986439437519063 0.15505981
727 253.24521965645943 0.01234427703807992 0.025960489914950938 0.1550293
728 252.54786536445346 0.012308703940575167 0.025892165260175706 0.15499878
729 252.19547692040882 0.012301288415522462 0.02583651865457564 0.15496826
730 251.51901519469862 0.01227145961148753 0.025760883927968787 0.154953
731 251.16692860431405 0.012262924140249211 0.025707537518533517 0.15492249
732 250.74647505114936 0.012238061997370374 0.02567317110778673 0.15489197
733 250.03236968754265 0.012217482262758156 0.02557150949567241 0.15486145
734 249.68183328864185 0.012222378170923512 0.025491610386288863 0.15484619
735 248.91929494896448 0.012195359188277771 0.025393140685087457 0.15481567
736 248.41301992433657 0.012187473146088014 0.025307657787231628 0.15478516
737 247.62247806748192 0.012154189170037556 0.02521611736313898 0.15475464
738 247.1978881211175 0.012140012681446611 0.025159552338699296 0.15473938
739 247.2705088654915 0.012131953815951226 0.025190194206757294 0.15470886
740 246.37440267435784 0.012105010244623939 0.025064860127138808 0.15467834
741 246.03865610935745 0.012083086993266129 0.02504155732429878 0.15464783
742 246.38187982195856 0.01208301527852031 0.02511034547729025 0.15463257
743 245.80436218760894 0.012049480211470275 0.025061912086086886 0.15460205
744 245.29630261121318 0.01202783742526914 0.025003585755883358 0.15457153
745 245.40881397305193 0.012018690010647239 0.02504438287692959 0.15454102
746 245.14376360148572 0.012015182519965252 0.02499838776478392 0.15452576
747 245.05383055662648 0.012015070411059672 0.024980625381873303 0.15449524
748 244.48421150612856 0.011994557998986802 0.02490772637027272 0.15446472
749 244.22482402476388 0.011982387740150141 0.024880189376391536 0.15444946
750 243.68862016182206 0.011950959103434952 0.024835805875940614 0.15441895
751 243.02424147340446 0.011926263010438483 0.024752322326011468 0.15438843
752 242.6323403256358 0.011923530169412885 0.024679407773185905 0.15437317
753 242.18372912206706 0.011907604509424925 0.024621536846134717 0.15434265
754 241.6127065641 0.011890223489681884 0.024542094341985014 0.15431213
755 241.16969282340858 0.011880450118188423 0.024473038349897808 0.15429688
756 241.73032840420527 0.011875703625868407 0.024594658491062443 0.15426636
757 240.8707663003791 0.01184329425078417 0.02448756483502271 0.15423584
758 240.22141358659775 0.011823110167303275 0.02439806244951761 0.15422058
759 239.60896266061704 0.011803819919177765 0.02431415278509934 0.15419006
760 240.593549915012 0.011829027511111822 0.024460654986971326 0.1541748
761 240.11464618176814 0.011809026738131294 0.024404875784292197 0.15414429
762 239.60096244934957 0.011795541639290504 0.02432910922451403 0.15411377
763 239.08860390134365 0.011771796452751542 0.024274127858489446 0.15409851
764 238.9931334365619 0.011757901329339447 0.024282824005811488 0.154068
765 238.31085359578952 0.011736917453699171 0.0241883357981256 0.15405273
766 238.0325791948363 0.011716425274723755 0.02417366528699442 0.15402222
767 237.50991044587803 0.011690433125211551 0.024121115833390133 0.1539917
768 236.88325596517214 0.01165575804122895 0.024065135090568724 0.15397644
769 236.04437365358572 0.01162073498901713 0.023967404731414288 0.15394592
770 235.54709678116103 0.011605943565285342 0.02389753222681812 0.15393066
771 235.21608557136207 0.01160391463282321 0.023835387870194416 0.15390015
772 234.88823725764732 0.011598848305841352 0.023779950873185057 0.15388489
773 234.81557951511613 0.011594465879648375 0.023774184183946463 0.15385437
774 234.30447944387987 0.01158525695548562 0.02369038201702606 0.15382385
775 233.83388862700815 0.011568111534293801 0.023630554681987853 0.1538086
776 233.20179868668745 0.011548305727105204 0.023543748307214254 0.15377808
777 232.69345888679655 0.011533763871823801 0.023471164083943678 0.15376282
778 232.10188175373432 0.011509952483468696 0.02340047143270412 0.1537323
779 231.6439895914194 0.011500755576720374 0.023327286801501854 0.15371704
780 231.09141204983615 0.011485307191299046 0.023247668067760557 0.15368652
781 231.0455697716079 0.011483324519873599 0.023242464960286008 0.15367126
782 230.33475156963203 0.011463353063324338 0.023140244217118314 0.15364075
783 230.04899776395413 0.01144027348435377 0.023129252606708568 0.15362549
784 229.34585185897376 0.011410129021840035 0.023048912330702487 0.15359497
785 229.61983638223003 0.011417163526957317 0.02308964025183599 0.15356445
786 229.27888097154695 0.011421230398207657 0.023013315441335218 0.1535492
787 228.83391842782856 0.011403466480454259 0.022959850770943223 0.15353394
788 228.789531613728 0.011384751400519774 0.02298840357936487 0.15351868
789 228.88156291229237 0.011360873831694483 0.023054564998362254 0.15348816
790 228.08686584336718 0.011332836104707823 0.022951701026532746 0.1534729
791 227.93852527500147 0.011339416551706623 0.022908872039922572 0.15344238
792 227.3623259594993 0.011335385462038902 0.022801694369971592 0.15342712
793 226.86151113163996 0.011317693218361522 0.022736915860532447 0.1533966
794 226.7525392055484 0.01131461270349375 0.022721282493369157 0.15338135
795 226.191043808311 0.011285504962759318 0.022667198887642882 0.15335083
796 225.5848875301561 0.011266340626501982 0.022584296301268673 0.15333557
797 225.81289382193242 0.011255212887096473 0.022652153023702132 0.15330505
798 225.18494143068753 0.011230922622681182 0.022575143090434648 0.1532898
799 224.86072590203992 0.011222156570398921 0.022527832101681498 0.15325928
800 224.4642307210519 0.011212268113361994 0.022468309982335392 0.15324402
801 224.21020241661867 0.011223109771117458 0.022395821010699972 0.15322876
802 223.70643220247345 0.011225208150766294 0.02229087022722474 0.15319824
803 223.2650063875441 0.01121547242764542 0.02222205651782573 0.15318298
804 224.05999741320747 0.011215133090026547 0.022381733406511166 0.15316772
805 223.99054803268356 0.01120274763622734 0.022392614446415497 0.1531372
806 223.4661101342179 0.011180325644333895 0.022332570864470123 0.15312195
807 223.00373570400956 0.011167641139838537 0.022265464980730194 0.15309143
808 222.5925247514717 0.011161448412144984 0.022195608223530585 0.15307617
809 222.13915388735862 0.011157425879876535 0.02211297909189609 0.15304565
810 221.70544189827154 0.011139368281701405 0.022062351887898284 0.1530304
811 221.62852703266736 0.011136268433727807 0.022053168614896965 0.15301514
812 221.1828145342867 0.011119950240852805 0.02199666253255719 0.15298462
813 221.35916155745676 0.011130744689273084 0.022010343053972984 0.15296936
814 221.5063692062611 0.011120907559360278 0.022059458830841934 0.15293884
815 220.88630518462338 0.011090389034124876 0.021996483082340878 0.15292358
816 220.28087878144063 0.011081639246328942 0.02189289738647366 0.15290833
817 220.12879467649054 0.011084974822302465 0.021855809409326788 0.15287781
818 220.09253619494424 0.011089675828030927 0.021839155708601603 0.15286255
819 220.11575672400465 0.011104543827034572 0.02181406380984309 0.15284729
820 220.44447201335603 0.011112555376459212 0.021863783753721496 0.15281677
821 220.2836697251142 0.011092186223675783 0.021872361600301933 0.15280151
822 220.50278415709454 0.011089914995571796 0.02192072693228057 0.15278625
823 219.85074188833119 0.011066645728962984 0.021836857001926974 0.15275574
824 219.44128303126752 0.011045671287321552 0.02179691409994811 0.15274048
825 219.16028854443425 0.01104611996910148 0.021739817852944855 0.15272522
826 218.83421983493872 0.011036650492649984 0.02169354307415552 0.1526947
827 218.9905066341731 0.011032923772528392 0.021732253874334202 0.15267944
828 218.7462446810427 0.011029543854338988 0.02169016132530191 0.15266418
829 218.39063097494557 0.01101408972931118 0.021649946844785856 0.15263367
830 218.28284231504884 0.010991729139422304 0.02167311028443497 0.15261841
831 217.7051493358838 0.010973831328980777 0.021593367312849155 0.15260315
832 217.50161123863631 0.010950509049757797 0.021599304264342454 0.15257263
833 217.17235546646978 0.010951940287478784 0.021530590626568712 0.15255737
834 216.56802940579732 0.010931899818094205 0.021449806368605266 0.15254211
835 216.54465338348888 0.010919212607788165 0.021470505586201845 0.15252686
836 216.21215607151473 0.010911780464231984 0.02141887041801482 0.15249634
837 215.76429460434926 0.010898723959634782 0.021355411143319437 0.15248108
838 215.37949305261554 0.010882385333853783 0.021311128059955692 0.15246582
839 216.44407078707457 0.010883228212708821 0.021522357839261597 0.1524353
840 216.19704219284674 0.01086912896082082 0.021501150631346375 0.15242004
841 216.19463638202495 0.010864683346323319 0.021509560697807614 0.15240479
842 215.5890731599164 0.010841133046900703 0.021435548642922842 0.15238953
843 215.0074461538748 0.010831507547387724 0.0213384742349831 0.15235901
844 214.33023851669034 0.010813818994113315 0.021238409808231287 0.15234375
845 214.24578753302575 0.010804902213777624 0.021239353162355448 0.15232849
846 213.63036281193428 0.010771758211484468 0.02118255619939982 0.15231323
847 213.19783626640609 0.010749831838926624 0.02113990364950543 0.15228271
848 212.85811424501364 0.010723096147138076 0.021125430656351148 0.15226746
849 212.45679004356873 0.01070289452228118 0.021085569032536864 0.1522522
850 212.49349272592633 0.010696715096084788 0.02110526843281928 0.15223694
851 212.24059517183346 0.010688142793130224 0.021071833521269262 0.15220642
852 212.435269415216 0.010666505079127668 0.0211540438016307 0.15219116
853 212.25631530483432 0.010653477671780672 0.02114430779902406 0.1521759
854 211.98705820523506 0.010651842311900283 0.02109372710496409 0.15216064
855 211.56470667359122 0.01064744852703937 0.02101804435329127 0.15214539
856 211.2856126915176 0.010654897896957626 0.020947326786356548 0.15211487
857 211.28137517939996 0.010649964925792585 0.02095634522131257 0.15209961
858 211.12772858246086 0.010629272629106746 0.020967000496535795 0.15208435
859 210.87908935975827 0.010620609278011653 0.020934599384355653 0.15206909
860 212.1953010301277 0.010645678872463902 0.021147702522908936 0.15203857
861 211.72656011915535 0.010634119619957721 0.0210770728220674 0.15202332
862 211.5679539398076 0.01061706329021794 0.021079464269886994 0.15200806
863 211.92145398364164 0.010609327678402392 0.021165635509679374 0.1519928
864 211.39645686629805 0.0105938641748293 0.021091563103345097 0.15197754
865 210.9080239602678 0.01057904439407568 0.021023516061491776 0.15196228
866 210.19973160868201 0.01056066243297828 0.02091862151648953 0.15194702
867 210.20531669231895 0.01054366765108568 0.02095372809925641 0.15193176
868 209.6016942249048 0.01051375183296465 0.020892835231221648 0.15190125
869 209.50870277188469 0.010499712500358646 0.020902315638125498 0.15188599
870 208.8231713544883 0.010475821315104649 0.020812991709554918 0.15187073
871 208.79586718512996 0.010468459282154445 0.020822254935619046 0.15185547
872 208.20518452095712 0.01044882495312683 0.02074338706253553 0.15184021
873 208.03103343628754 0.010445496670241363 0.020715213415793653 0.15182495
874 207.43602442330993 0.010425144390840746 0.02063691617035525 0.15180969
875 206.9257222371618 0.010411562963280848 0.020562018571341743 0.15177917
876 206.55167833458012 0.010395966122676948 0.020518403483987663 0.15176392
877 206.15754264309976 0.010377015999114706 0.020477476577944104 0.15174866
878 205.62102377676362 0.010355686811848232 0.02041283117472521 0.1517334
879 205.41984954386146 0.010337981010305987 0.02040800794811618 0.15171814
880 205.3795308850269 0.010340566151673593 0.02039477390472792 0.15170288
881 205.1474161540848 0.010331906480587781 0.020365670299148507 0.15168762
882 205.28375758768522 0.010321672983268368 0.020413405576993192 0.15167236
883 204.9069079327789 0.01030163908954482 0.020378103443631335 0.1516571
884 205.09662337255216 0.010287477404254994 0.020444369891401484 0.15162659
885 205.19641148485613 0.010300064271558692 0.020439153778821995 0.15161133
886 205.012877500434 0.010306931288275539 0.020388712970445002 0.15159607
887 205.6862263733359 0.010315923799830245 0.02050539776213245 0.15158081
888 205.99430317408942 0.010306029669094538 0.020586801388725227 0.15156555
889 205.2101891622353 0.010277021472411104 0.020487994981035654 0.1515503
890 204.7204194855874 0.010259541455214096 0.02042500109314497 0.15153503
891 203.92793398768532 0.010232369332657785 0.020320848236718293 0.15151978
892 203.56236036215685 0.010231647717711883 0.02024917674989294 0.15150452
893 203.6963498134509 0.010242771910106434 0.020253726240522848 0.15148926
894 203.34073367228785 0.010232252341341713 0.020203642127825834 0.151474
895 203.55898212634634 0.010229625776336144 0.020252544979154574 0.15145874
896 203.0731596202032 0.010218634047000711 0.020177363929450683 0.15144348
897 203.62456261520498 0.010225581880310685 0.02027374887240156 0.15142822
898 203.12366244265718 0.010212844996214759 0.020199042614223735 0.1513977
899 202.9436249199691 0.010214024295263613 0.0201606765233428 0.15138245
900 202.63746585466106 0.010213703108699478 0.02010008707111219 0.15136719
901 203.07722622365517 0.010237433452959145 0.02014057847610962 0.15135193
902 202.71819499032244 0.010229510125442175 0.020084618897082795 0.15133667
903 202.41827806462305 0.010221119216678799 0.02004141735566 0.15132141
904 202.16310552791268 0.01021420241118526 0.020004216470956442 0.15130615
905 201.96961332287123 0.01018911988810893 0.020015683046891365 0.1512909
906 201.70605735752014 0.010180978627123567 0.01997925437963097 0.15127563
907 201.41951948367281 0.010163781229068044 0.019956341613804354 0.15126038
908 200.9652289185206 0.010150008514742601 0.019893028922158516 0.15124512
909 200.7695217601629 0.010143289093217156 0.019867326332871676 0.15122986
910 201.56264508981755 0.01014062517311705 0.020031278841502676 0.1512146
911 201.76745820533515 0.010145071400634285 0.020063348987933955 0.15119934
912 201.33699585386162 0.010134423692141181 0.019998551918956567 0.15118408
913 202.33058419864767 0.010158286529098767 0.02014954389860564 0.15115356
914 202.21713214948306 0.010149563807751314 0.020144298953217104 0.15115356
915 201.8651086824686 0.010127333340109877 0.020118355185214196 0.1511383
916 201.48677040089652 0.010105847830290279 0.020085658536161864 0.15112305
917 201.24011074846547 0.010117411224121634 0.020013199803852095 0.15110779
918 201.1047380953932 0.010114769942114311 0.019991407824484893 0.15109253
919 200.7493039685984 0.010104461566714672 0.019940937752128525 0.15107727
920 200.2787004982216 0.010080158408649105 0.01989542338167089 0.15106201
921 199.65862237122226 0.010062315184083683 0.01980709422516782 0.15104675
922 199.21926114759242 0.010049494981138642 0.01974486239153412 0.1510315
923 198.96925872794708 0.010043403542039718 0.019707044803068823 0.15101624
924 198.7640214568941 0.010022534520889144 0.01970773540333478 0.15100098
925 198.48993718325508 0.010017338433070323 0.01966331069849053 0.15098572
926 198.4961806514149 0.010016601827470167 0.0196660326139649 0.15097046
927 198.20158191335213 0.01002223281840124 0.019595850889422502 0.1509552
928 198.2598285421947 0.010031422953952894 0.01958911993236932 0.15093994
929 197.61917178517126 0.010013721828502064 0.019496390837045286 0.15092468
930 198.15330483445504 0.010000532889979555 0.019629595311668187 0.15090942
931 197.68229217011597 0.009978055793303206 0.019580346972038188 0.15089417
932 197.6662633185106 0.009973762915526594 0.01958572694243299 0.1508789
933 197.17954300404824 0.009957952754718905 0.019520003195766064 0.15086365
934 196.81742639417828 0.009942013953214611 0.019479457465026898 0.15084839
935 196.5017825522271 0.00993773159840981 0.019424893396229517 0.15083313
936 196.3377046188736 0.009920359682534595 0.01942682164876887 0.15081787
937 196.19911580267387 0.009915267689770765 0.0194092878621384 0.15081787
938 195.64369583738724 0.009891961472050818 0.01934481629843402 0.15080261
939 195.47708156819763 0.00990055460646454 0.019294307177447092 0.15078735
940 194.8279676971337 0.009887460886358623 0.019190671831174108 0.1507721
941 194.40986303326304 0.009875685084906058 0.01913060248632437 0.15075684
942 194.53967702945988 0.009864299772113047 0.019179335920430807 0.15074158
943 194.1974167457366 0.009845989842303022 0.01914750371711524 0.15072632
944 194.0428374786094 0.009834486074044345 0.01913959537354275 0.15071106
945 194.50926294931244 0.009846069755368248 0.019209713093689147 0.1506958
946 194.2042230387148 0.009835428372586908 0.01916998790896692 0.15068054
947 194.12553256530015 0.009830814514558847 0.019163477543288128 0.15066528
948 193.9559548043339 0.009825451357219373 0.01914028833191496 0.15066528
949 193.59006425735237 0.009809313176505914 0.019099386594118285 0.15065002
950 193.67619719624543 0.009813317685318774 0.019108604158366977 0.15063477
951 194.06828158691056 0.009802923124435257 0.019207810138622432 0.1506195
952 194.01450327412283 0.009805902051088144 0.01919109665534948 0.15060425
953 193.64767344974527 0.009800036006288704 0.019129462758033674 0.15058899
954 193.89843115806826 0.009804330996611288 0.019171024309960816 0.15057373
955 193.65873798458617 0.009800179789266698 0.019131388074141935 0.15055847
956 193.26032345435868 0.009797490061453683 0.019057084621153058 0.15055847
957 193.0891272907394 0.009795020105621376 0.019027785287103693 0.15054321
958 193.04989725312748 0.00979568193999553 0.019018615618120502 0.15052795
959 193.37684085725726 0.009804062765309405 0.01906724270158358 0.1505127
960 193.67582291376834 0.009816654432919347 0.019101855788294566 0.15049744
961 193.3222818435513 0.00980427040017809 0.019055915632909967 0.15048218
962 193.02720411891693 0.009795607228115231 0.01901422645180458 0.15046692
963 192.58547115966942 0.009773607986488082 0.018969878357522237 0.15045166
964 192.31527200044326 0.009767791743079368 0.018927471021239786 0.15045166
965 191.8483493224642 0.00975970135471864 0.018850267248238045 0.1504364
966 191.75044124047875 0.009752894514152724 0.01884429933996738 0.15042114
967 191.62396101964808 0.009748631959929074 0.018827528412166766 0.15040588
968 191.38927664829555 0.009749167773683495 0.018779519928687677 0.15039062
