1 10752.661124066184 4455.064449626472
2 10441.384275598564 4344.553710239426
3 10608.535810643616 4410.414324257446
4 10280.943270073905 4275.377308029561
5 10261.240409888362 4263.496163955344
6 10239.746460514376 4257.89858420575
7 9937.955636862393 4137.182254744956
8 9966.720037374984 4151.688014949992
9 9752.691012412386 4065.0764049649533
10 9609.204022910651 4004.6816091642595
11 9202.838180813342 3834.1352723253367
12 8910.095868885111 3716.038347554044
13 8652.998166207486 3622.199266482994
14 8373.909452372558 3515.5637809490217
15 8093.941903661898 3391.5767614647593
16 7814.284331773678 3277.7137327094697
17 7559.1662272292415 3178.6664908916955
18 7374.670025192679 3118.8680100770707
19 7182.142557474862 3039.8570229899433
20 7023.109120165772 2971.2436480663073
21 6859.228442003674 2905.6913768014692
22 6695.014111658489 2842.0056446633953
23 6528.626722912092 2778.450689164836
24 6383.003610833329 2703.20144433333
25 6238.130465076884 2656.2521860307534
26 6110.571273372248 2604.228509348899
27 5998.396602114484 2565.358640845794
28 5894.9332806743005 2520.97331226972
29 5786.699896794913 2468.679958717965
30 5673.494519429595 2427.3978077718384
31 5562.150668847853 2389.860267539141
32 5463.78124908344 2346.512499633376
33 5378.938311135136 2309.5753244540538
34 5295.963488177857 2285.3853952711415
35 5205.973462637885 2234.389385055154
36 5131.159570446034 2208.4638281784137
37 5053.521107694927 2189.4084430779703
38 4975.34187206017 2148.1367488240676
39 4901.3201598977685 2125.5280639591074
40 4828.312652153721 2091.325060861488
41 4761.155124529558 2059.462049811823
42 4697.679452960441 2037.071781184176
43 4629.636777754207 2002.8547111016824
44 4572.528761057153 1986.0115044228605
45 4517.063648873496 1969.8254595493981
46 4459.241400934472 1935.696560373788
47 4402.560924918035 1913.0243699672137
48 4348.794111048501 1896.5176444194003
49 4295.910021049589 1886.364008419835
50 4246.93716127695 1852.7748645107795
51 4199.00907986996 1843.6036319479836
52 4154.797960252779 1821.9191841011116
53 4108.756299567254 1794.5025198269013
54 4063.2731316895 1781.3092526758
55 4019.5876019743428 1770.835040789737
56 3975.412068123768 1752.1648272495067
57 3936.565571628824 1732.6262286515293
58 3898.1033469158433 1727.2413387663373
59 3861.371794055534 1710.5487176222132
60 3823.2619872300893 1697.3047948920357
61 3787.989171445627 1682.1956685782507
62 3753.41463515991 1663.3658540639635
63 3720.937754303404 1639.3751017213608
64 3688.1072793445833 1643.2429117378333
65 3655.013189913092 1619.0052759652363
66 3624.351689000933 1617.740675600373
67 3593.461289600705 1604.384515840282
68 3566.376231412788 1583.5504925651148
69 3537.1730360462707 1575.869214418508
70 3509.772697761475 1566.9090791045892
71 3482.3865952871092 1544.954638114843
72 3455.5081509818847 1551.2032603927537
73 3431.131468265815 1535.4525873063258
74 3404.9200799877426 1529.9680319950967
75 3378.876117365511 1515.550446946204
76 3353.54323607036 1497.4172944281436
77 3328.64764293046 1496.4590571721837
78 3305.811845939415 1491.3247383757653
79 3282.534573402484 1466.0138293609934
80 3260.994101137655 1458.3976404550613
81 3238.572801057574 1446.4291204230294
82 3218.342341863824 1439.3369367455289
83 3197.1128842860453 1432.8451537144174
84 3176.4944403038508 1437.59777612154
85 3158.561682866726 1422.42467314669
86 3138.330910635127 1423.3323642540508
87 3119.3534657768887 1407.741386310755
88 3102.7996191580746 1406.1198476632298
89 3084.281649175994 1391.7126596703974
90 3067.1697036816718 1379.8678814726682
91 3048.778658209572 1373.5114632838286
92 3030.724055125659 1377.2896220502635
93 3014.095994270875 1361.6383977083497
94 2997.5604380787363 1351.0241752314942
95 2982.1621941304243 1356.8648776521695
96 2965.4938676903075 1354.1975470761226
97 2949.07374328025 1345.6294973120994
98 2934.2925999381337 1332.717039975253
99 2919.7459184503223 1319.8983673801285
100 2904.4294926211196 1328.7717970484473
101 2889.244922607234 1324.6979690428934
102 2875.323836126164 1309.1295344504651
103 2861.235189580034 1297.4940758320136
104 2847.9806394205007 1308.1922557682
105 2833.985492594239 1295.5941970376953
106 2820.653586646973 1285.2614346587889
107 2807.7159224998622 1292.086368999945
108 2796.695576420354 1274.6782305681418
109 2784.965993981421 1275.9863975925682
110 2775.759703991933 1261.303881596773
111 2763.459262361577 1265.383704944631
112 2750.435123415716 1257.1740493662865
113 2737.396751314528 1250.9587005258109
114 2725.032874233242 1245.0131496932963
115 2716.518370277594 1250.607348111037
116 2704.664445902884 1237.8657783611534
117 2692.964505388143 1241.185802155257
118 2682.945968315629 1224.1783873262511
119 2672.6690845723883 1231.067633828955
120 2661.6019719283527 1217.6407887713412
121 2650.4944339789763 1218.1977735915902
122 2640.3811126834407 1223.152445073376
123 2630.735454995034 1220.2941819980133
124 2620.3430025042626 1215.1372010017049
125 2609.934310412121 1211.9737241648481
126 2599.9523244014194 1197.9809297605675
127 2590.5439823203196 1199.2175929281275
128 2580.8501737699635 1182.3400695079854
129 2571.4762479754904 1187.5904991901962
130 2562.9185658304714 1189.1674263321884
131 2553.2165279531646 1177.2866111812655
132 2543.4900813342456 1167.396032533698
133 2533.583673414361 1173.4334693657443
134 2525.1394148184872 1176.0557659273945
135 2516.3005552803825 1170.5202221121526
136 2508.501959427779 1167.4007837711115
137 2499.490194225574 1153.7960776902296
138 2491.233800106691 1159.4935200426762
139 2482.896709868111 1160.1586839472443
140 2474.5263244588064 1145.8105297835223
141 2467.1772945767166 1147.8709178306863
142 2458.789221742498 1149.515688696999
143 2450.575618426364 1135.2302473705454
144 2443.397183231986 1134.3588732927942
145 2435.8953308609703 1140.3581323443877
146 2428.0223189200174 1136.2089275680069
147 2420.3444776181427 1128.137791047257
148 2414.358026867451 1124.7432107469804
149 2406.2417499846565 1118.4966999938624
150 2398.597141937732 1109.4388567750925
151 2392.3840715900383 1119.9536286360153
152 2386.1976530141633 1106.479061205665
153 2379.430194893164 1119.7720779572655
154 2372.5869255663806 1108.0347702265522
155 2366.025231846264 1105.4100927385052
156 2360.3154367177153 1106.126174687086
157 2353.301693171823 1105.320677268729
158 2346.243994592772 1095.4975978371085
159 2338.716447581182 1088.4865790324725
160 2335.3546492021933 1085.1418596808771
161 2329.4623946503234 1083.784957860129
162 2322.903038873492 1082.1612155493967
163 2316.6517613937413 1091.6607045574965
164 2310.249395920954 1076.0997583683816
165 2303.158978559762 1074.2635914239045
166 2297.215634025303 1082.886253610121
167 2291.1507919387354 1067.460316775494
168 2285.2804599783112 1068.1121839913244
169 2278.708756170904 1065.4835024683616
170 2272.7139596014636 1074.085583840585
171 2267.3972802516773 1061.9589121006707
172 2262.216248164132 1073.8864992656527
173 2255.790876522201 1057.3163506088804
174 2250.999332640299 1050.3997330561197
175 2246.310493989869 1067.5241975959475
176 2240.868036973429 1051.3472147893713
177 2235.693351798598 1045.277340719439
178 2232.8597802395434 1059.143912095817
179 2226.8929733878613 1043.7571893551444
180 2222.3348522706774 1056.9339409082709
181 2216.4786135198337 1055.5914454079334
182 2211.4014877206564 1042.5605950882623
183 2206.246330971896 1040.4985323887581
184 2200.42128966846 1034.1685158673836
185 2195.7529768899994 1029.3011907559994
186 2190.819385909341 1035.327754363736
187 2185.5777505027545 1037.2311002011015
188 2181.2137555891672 1030.485502235667
189 2176.2688488100885 1039.507539524035
190 2171.6391874249134 1036.6556749699653
191 2166.412273668938 1035.564909467575
192 2161.9914893323507 1014.7965957329402
193 2156.9610790876686 1019.7844316350674
194 2151.6111663398087 1029.6444665359231
195 2146.827473882333 1009.7309895529329
196 2141.8817250789916 1007.7526900315966
197 2136.2460452274818 1009.4984180909923
198 2132.3406233624387 1011.9362493449753
199 2127.4340695448905 1003.9736278179562
200 2122.967647224322 1005.1870588897286
201 2118.145389179109 999.2581556716432
202 2112.954987332385 1011.1819949329538
203 2109.870550017173 1011.9482200068692
204 2105.5005272187996 999.2002108875195
205 2100.603866665055 1007.2415466660218
206 2096.9472010177165 992.7788804070865
207 2092.3513006536273 987.9405202614507
208 2087.2104202168284 998.8841680867313
209 2082.308295192792 982.9233180771166
210 2077.5651049220337 995.0260419688134
211 2073.0313024028146 990.2125209611258
212 2068.0322145599794 994.2128858239917
213 2063.512433141909 977.4049732567632
214 2059.831801891318 978.932720756527
215 2056.320930788451 982.5283723153802
216 2051.8890183589333 973.755607343573
217 2047.2591047757323 968.9036419102927
218 2042.2598384985367 981.9039353994144
219 2037.725891639335 967.090356655734
220 2033.4150119317633 971.3660047727053
221 2031.769622380298 975.7078489521191
222 2027.0588061644821 973.8235224657928
223 2022.9114066522138 976.1645626608852
224 2017.976943687882 970.1907774751526
225 2013.6765370115993 974.4706148046394
226 2010.1110418995631 956.0444167598253
227 2005.9208166879293 966.3683266751714
228 2002.3457568180606 965.9383027272243
229 1997.9178606773635 965.1671442709453
230 1994.295086998807 950.7180347995227
231 1991.0964528691577 954.4385811476627
232 1987.5829241703834 961.0331696681533
233 1983.2707550103232 946.308302004129
234 1978.978693728377 953.5914774913508
235 1974.6042017910577 947.8416807164231
236 1970.3002021002212 948.1200808400881
237 1966.4306670537871 953.5722668215149
238 1963.5380487885213 937.4152195154084
239 1960.5510882982849 944.2204353193138
240 1956.49095760213 951.5963830408518
241 1952.6498020202434 943.0599208080971
242 1948.4536054067023 938.3814421626807
243 1945.0149469103037 943.0059787641212
244 1940.8992047782824 940.3596819113127
245 1937.7067005490048 926.0826802196016
246 1934.273539290231 941.7094157160923
247 1930.9212818016822 926.3685127206727
248 1927.080097161219 939.8320388644875
249 1923.6166738474435 923.4466695389774
250 1920.0465696143206 918.0186278457281
251 1915.815788946602 923.3263155786408
252 1911.8507624108336 928.7403049643331
253 1908.9181265984193 932.5672506393676
254 1905.106404670797 919.0425618683184
255 1901.6688171039984 917.6675268415993
256 1898.9126264306499 928.5650505722597
257 1894.7864259698883 907.9145703879553
258 1891.6953551196536 917.6781420478615
259 1888.5500047502335 923.4200019000932
260 1884.4723886045626 908.7889554418248
261 1880.5543572441572 911.2217428976628
262 1879.0977457524318 919.6390983009724
263 1875.0130493385768 906.0052197354307
264 1871.3468389199252 899.53873556797
265 1868.0390828769116 900.2156331507645
266 1863.9647764226838 904.5859105690733
267 1861.5975297292368 900.6390118916947
268 1858.0104088090625 896.2041635236246
269 1854.143798570677 898.6575194282705
270 1853.2741882932196 905.3096753172877
271 1850.0059561096818 906.0023824438726
272 1847.9434023000274 902.1773609200109
273 1844.1595919466129 901.663836778645
274 1841.0091651776959 889.4036660710781
275 1838.4963722427462 892.3985488970984
276 1835.006612301677 903.0026449206707
277 1832.404985484029 899.9619941936116
278 1830.4743704147108 887.1897481658843
279 1827.2899930765673 887.9159972306265
280 1824.1429037268772 884.6571614907507
281 1821.3269786119072 880.5307914447626
282 1817.7001380497745 882.0800552199098
283 1814.2714151059245 887.7085660423695
284 1810.807485065222 893.3229940260885
285 1807.0508789494643 874.8203515797854
286 1803.5151597959264 879.4060639183704
287 1799.8628298166568 869.9451319266627
288 1796.814382705729 870.7257530822912
289 1793.5904038211695 880.4361615284674
290 1790.4397327458596 869.1758930983437
291 1786.9124664441167 868.7649865776466
292 1783.9728445287262 879.5891378114902
293 1781.9770298371611 876.7908119348645
294 1778.885240228004 861.5540960912012
295 1775.42797826596 864.1711913063837
296 1772.088666692667 869.8354666770665
297 1769.2646014595593 869.7058405838234
298 1765.4244694671304 874.1697877868519
299 1761.851530917608 863.740612367043
300 1760.3057771753565 873.1223108701424
301 1757.0636010294745 856.8254404117897
302 1754.2321325848652 869.692853033946
303 1751.0960080159543 858.4384032063817
304 1747.9960619512642 865.1984247805053
305 1744.624854410768 856.849941764307
306 1741.790527878325 856.7162111513298
307 1739.1554058759918 864.6621623503966
308 1736.2871692970702 844.5148677188281
309 1733.2252317225757 849.2900926890302
310 1729.91714140847 859.9668565633879
311 1728.692365427206 843.476946170882
312 1725.4739230962139 843.1895692384855
313 1722.3663195126028 848.9465278050411
314 1719.2618419200126 841.7047367680048
315 1717.2816912611302 852.9126765044521
316 1714.195209839111 848.6780839356443
317 1711.2753229884238 846.5101291953692
318 1707.8164103790073 833.1265641516029
319 1704.5264322021574 836.8105728808628
320 1701.307922883102 843.5231691532408
321 1698.4782294128902 847.391291765156
322 1694.8807531614618 842.9523012645845
323 1691.8603267938367 844.7441307175345
324 1688.6480550318206 841.4592220127279
325 1686.556942367718 831.622776947087
326 1683.438716862032 824.3754867448124
327 1680.6748339980497 822.2699335992197
328 1678.252439115411 829.3009756461643
329 1675.7750776711125 834.3100310684449
330 1673.3072108385652 823.3228843354259
331 1670.1660675263943 835.0664270105576
332 1668.4812293868883 827.3924917547552
333 1666.209603875908 832.4838415503632
334 1662.9296662573784 822.1718665029512
335 1660.010006354842 819.0040025419366
336 1658.6445415715953 822.4578166286378
337 1655.5762682400648 829.2305072960257
338 1652.446531643523 820.978612657409
339 1649.6987083366023 822.8794833346406
340 1647.0889577838095 817.8355831135236
341 1645.361827567921 815.1447310271683
342 1642.5792176487346 822.0316870594938
343 1639.9277949060784 815.971117962431
344 1637.1744968800358 811.869798752014
345 1635.096542648328 816.038617059331
346 1632.124782005639 812.8499128022554
347 1630.692087758523 810.2768351034092
348 1627.684239664104 804.0736958656416
349 1624.6605782691809 812.8642313076721
350 1621.7581454512338 799.7032581804933
351 1619.3120313648742 803.7248125459496
352 1616.8944353714994 801.7577741485998
353 1614.242727350253 807.6970909401011
354 1611.4171528281397 795.5668611312558
355 1609.1863135400242 794.6745254160096
356 1606.486897966568 808.594759186627
357 1604.0057664223273 798.602306568931
358 1601.591665878539 803.6366663514154
359 1598.90020105298 801.5600804211917
360 1596.423496722187 794.5693986888746
361 1594.0110192499824 792.6044076999929
362 1590.976360540662 797.3905442162645
363 1589.402755661672 802.7611022646688
364 1586.8053895843068 801.7221558337228
365 1584.1766610795241 790.6706644318097
366 1582.2571976002075 788.902879040083
367 1579.3432717975047 792.7373087190017
368 1577.360922786475 793.9443691145898
369 1574.3032827358875 792.7213130943551
370 1571.4412330347016 790.5764932138804
371 1568.7926163909785 787.5170465563915
372 1565.8634017834083 777.3453607133633
373 1563.0537713764631 777.221508550585
374 1560.472194470275 791.18887778811
375 1557.7478030628436 778.0991212251374
376 1555.6956517702056 772.2782607080821
377 1553.0588534458486 783.2235413783392
378 1550.318992146756 788.1275968587024
379 1548.341908703544 776.3367634814176
380 1546.18288715357 774.4731548614277
381 1543.225644651782 781.2902578607127
382 1540.6988886356194 778.2795554542477
383 1538.1568994829956 777.2627597931983
384 1535.3747140626583 767.1498856250632
385 1532.2719940581712 774.9087976232686
386 1529.5098058395795 761.8039223358319
387 1526.3939712177078 772.5575884870832
388 1524.4967453970723 770.7986981588288
389 1523.1457075030262 763.2582830012102
390 1520.564172415182 763.2256689660726
391 1517.9762611098186 772.1905044439272
392 1515.8199338368177 767.3279735347269
393 1512.988888039936 755.1955552159743
394 1511.8786600575195 771.7514640230079
395 1509.2762180379968 771.7104872151986
396 1507.2472492375878 761.8988996950352
397 1504.5128921728387 754.8051568691353
398 1502.508530535596 765.0034122142383
399 1500.7447976772546 763.2979190709016
400 1498.0067403227767 758.2026961291108
401 1495.103974241811 750.0415896967243
402 1492.8120257512319 752.1248103004928
403 1490.6218923870717 755.2487569548284
404 1488.564495461361 758.4257981845444
405 1486.9274285717247 744.7709714286898
406 1484.2869595129675 758.7147838051869
407 1483.2559221398421 750.302368855937
408 1480.5249335751537 746.2099734300614
409 1478.059344984732 754.2237379938929
410 1475.268674763334 748.1074699053333
411 1472.4512114054123 748.9804845621647
412 1470.4127213944732 752.1650885577892
413 1467.6620184453916 754.0648073781567
414 1465.104080635291 745.0416322541164
415 1462.0999115132902 748.8399646053158
416 1460.9523684079618 752.3809473631845
417 1458.2186484116773 749.2874593646707
418 1456.1772142300333 750.4708856920133
419 1453.7885796271148 745.5154318508457
420 1451.5413570457777 735.6165428183108
421 1448.5625774476696 737.4250309790677
422 1446.0805070675024 746.4322028270008
423 1443.1027478113629 741.2410991245451
424 1440.6592933459392 739.2637173383755
425 1438.2619174412725 743.3047669765087
426 1435.8811737272279 735.352469490891
427 1434.2152626787843 727.6861050715138
428 1431.3447517517077 722.5379007006832
429 1429.2006882557598 735.6802753023039
430 1426.5552896682564 729.6221158673025
431 1423.9104143874556 734.5641657549822
432 1421.1767558455429 734.470702338217
433 1418.4274898447534 735.3709959379012
434 1415.657167699429 733.2628670797717
435 1413.4552154099013 722.3820861639606
436 1411.3896510699014 730.5558604279604
437 1409.0377924769687 730.6151169907876
438 1406.428862182816 730.5715448731262
439 1404.1731206603315 727.6692482641324
440 1401.3401665992437 728.5360666396973
441 1398.4941498345154 721.3976599338062
442 1396.7534874022504 722.7013949609
443 1393.9989831315158 712.5995932526062
444 1392.7087350195982 708.0834940078394
445 1390.6373886888957 715.2549554755583
446 1388.079499043668 721.231799617467
447 1385.811219797668 721.324487919067
448 1382.9456391634724 714.1782556653889
449 1380.441321543268 717.1765286173072
450 1378.2977107473296 712.3190842989318
451 1375.7916646651697 709.3166658660678
452 1373.278883812329 705.3115535249315
453 1370.8191921959058 711.3276768783621
454 1368.1330046912283 700.2532018764912
455 1365.75012692341 697.3000507693639
456 1363.198607961031 695.2794431844122
457 1360.446506667412 701.1786026669647
458 1358.0918579613965 703.2367431845585
459 1355.9540685311854 696.381627412474
460 1353.1038345183679 700.241533807347
461 1350.2934441363984 703.1173776545593
462 1347.8684550558144 689.1473820223257
463 1345.3413949357578 702.1365579743031
464 1344.0145049494313 692.6058019797724
465 1341.3777633698264 694.5511053479304
466 1339.7360851470073 702.8944340588027
467 1337.700733430995 688.0802933723978
468 1336.6305262040482 694.6522104816192
469 1333.9397525089446 701.5759010035777
470 1331.0598714815699 693.4239485926278
471 1328.78154783912 692.512619135648
472 1326.033154757948 696.4132619031791
473 1323.4903870224964 691.3961548089985
474 1322.0011612784963 678.8004645113983
475 1319.5382063582006 681.8152825432801
476 1317.1681906137708 685.8672762455083
477 1315.3432765758312 692.1373106303324
478 1312.8370501679774 691.134820067191
479 1311.2691254094316 675.5076501637725
480 1308.8295954840016 682.5318381936006
481 1307.0655275713352 689.8262110285341
482 1304.887203011458 690.9548812045832
483 1302.9010518437726 675.160420737509
484 1300.3959678170538 673.1583871268215
485 1297.8168192225842 669.1267276890335
486 1296.2182766818178 680.4873106727271
487 1294.400242649267 680.7600970597068
488 1292.1936197270018 672.8774478908006
489 1290.6161908382505 680.2464763353
490 1287.9451767917374 676.178070716695
491 1285.6139911608166 680.2455964643266
492 1283.32594699548 668.330378798192
493 1281.883224261236 672.7532897044944
494 1279.5956609034429 676.838264361377
495 1277.2903244927186 668.9161297970873
496 1274.6130926272685 675.8452370509074
497 1271.9663846339854 662.7865538535941
498 1269.6604953346014 657.8641981338405
499 1268.9094709064912 663.5637883625964
500 1266.2196157939395 668.4878463175758
501 1263.3383325920424 671.3353330368168
502 1260.760451807638 665.3041807230552
503 1258.5370544657794 663.4148217863117
504 1257.1028363807577 654.841134552303
505 1254.5300855885234 657.8120342354093
506 1252.3327685401887 660.9331074160755
507 1249.6493758544939 664.8597503417975
508 1247.2313163853428 656.892526554137
509 1244.8837646634913 663.9535058653964
510 1242.6168136336062 652.0467254534424
511 1240.2104466923315 651.0841786769324
512 1238.113646996502 656.2454587986008
513 1236.2148309873637 657.4859323949454
514 1233.7004186732843 647.4801674693135
515 1231.2834185540316 656.5133674216127
516 1228.8527989904073 641.5411195961628
517 1226.445178967467 648.5780715869867
518 1225.4540525707857 642.1816210283141
519 1222.8942448320981 643.1576979328393
520 1220.0979088256354 638.039163530254
521 1218.34394183258 650.3375767330319
522 1216.705874325128 647.6823497300511
523 1214.274844067128 648.7099376268511
524 1211.961537207145 640.784614882858
525 1209.447340826142 648.7789363304566
526 1206.5366040687477 647.6146416274989
527 1204.223938561678 633.6895754246711
528 1202.8219433518 641.1287773407198
529 1200.3242303340355 634.1296921336141
530 1197.6830797425039 629.0732318970015
531 1195.3710973017673 638.1484389207069
532 1192.8629749357963 635.1451899743183
533 1190.1140933073968 644.0456373229586
534 1187.5079597512045 629.0031839004816
535 1184.7486280365506 633.8994512146201
536 1182.1355425328927 641.854217013157
537 1179.884404429025 627.9537617716098
538 1177.4244696941328 623.9697878776531
539 1174.4596044546493 623.7838417818596
540 1172.3198954222107 619.9279581688843
541 1169.8951628750528 619.958065150021
542 1167.080639292226 631.8322557168904
543 1164.4341318727083 629.7736527490833
544 1161.9779492673424 632.7911797069369
545 1159.2430985532003 617.6972394212801
546 1156.6389490036963 617.6555796014784
547 1154.1547340766197 620.6618936306477
548 1151.5520625542285 619.6208250216914
549 1149.0660666272615 623.6264266509045
550 1147.4309283130824 612.9723713252329
551 1144.670696281589 612.8682785126355
552 1142.0256574117045 614.8102629646817
553 1139.68441727667 619.8737669106679
554 1137.0959240611571 612.8383696244628
555 1134.6467623114481 616.8587049245791
556 1131.8180286783859 619.7272114713542
557 1130.1171759482197 609.0468703792878
558 1127.443682075979 604.9774728303914
559 1124.864870104528 603.9459480418111
560 1122.0733328839315 609.8293331535724
561 1123.0231869779575 618.2092747911829
562 1120.3426678667008 605.1370671466802
563 1117.6581062795908 601.0632425118363
564 1116.1958719731301 599.4783487892519
565 1113.7227785879127 600.4891114351649
566 1111.1857249189684 596.4742899675873
567 1109.1974111621544 595.6789644648616
568 1107.2948704640016 597.9179481856006
569 1105.726814764459 608.2907259057836
570 1102.8343369860668 610.1337347944266
571 1099.854929707698 607.9419718830791
572 1097.0310213093396 596.8124085237357
573 1095.5611983756019 602.2244793502407
574 1093.2903499102472 604.3161399640987
575 1090.302426437966 601.1209705751862
576 1087.3189871727163 585.9275948690865
577 1085.1642578446838 590.0657031378735
578 1082.1747950482177 601.8699180192871
579 1079.5159702056621 595.8063880822647
580 1077.160981890416 585.8643927561664
581 1075.3240674008887 584.1296269603554
582 1072.2468341557808 588.8987336623122
583 1069.6162301144643 579.8464920457857
584 1067.397550722153 589.9590202888612
585 1065.396307333707 592.1585229334828
586 1063.4027478322362 580.3610991328944
587 1060.4617713158736 578.1847085263494
588 1057.8413289341954 589.136531573678
589 1055.2686273457944 573.1074509383177
590 1052.4815924157092 577.9926369662835
591 1049.5247811841882 569.8099124736752
592 1047.773021257884 573.1092085031535
593 1045.0105281733643 576.0042112693457
594 1042.0339956935213 579.8135982774083
595 1039.45297860792 573.7811914431679
596 1038.1378937214376 574.2551574885749
597 1035.5002050353396 566.2000820141357
598 1033.8480190506298 573.5392076202518
599 1030.7983388145649 565.3193355258259
600 1027.8736670130534 563.1494668052212
601 1026.2775759936867 562.5110303974745
602 1024.380843516473 568.752337406589
603 1022.8256429407622 577.1302571763049
604 1021.3762271588719 559.5504908635487
605 1019.0989639261902 573.6395855704759
606 1016.0618144090197 569.4247257636077
607 1013.4933154576879 559.3973261830752
608 1010.9889393173231 562.3955757269291
609 1008.3778619480285 562.3511447792114
610 1005.7493209890824 559.2997283956329
611 1003.9304979362328 562.5721991744931
612 1001.1469028883664 563.4587611553466
613 998.3722332565457 559.3488933026181
614 996.3493909329349 560.5397563731738
615 993.6174810978699 547.4469924391478
616 990.8181904940627 555.327276197625
617 988.4980170376266 561.3992068150505
618 985.9558881689459 554.3823552675783
619 983.0309806537678 546.2123922615069
620 980.1171172289994 545.0468468915997
621 977.8422176622565 548.1368870649026
622 974.9736515609759 558.9894606243902
623 972.0709138064386 557.8283655225753
624 970.0831941815131 548.0332776726052
625 967.7828667110103 556.113146684404
626 964.8822617602893 539.9529047041156
627 962.6557429499528 536.062297179981
628 959.7880177635619 548.9152071054248
629 957.2330215077552 547.893208603102
630 954.8736872959545 531.9494749183816
631 952.7353354202778 544.0941341681109
632 949.5159462901879 531.806378516075
633 946.7119496688238 546.6847798675294
634 944.1226263382639 531.6490505353054
635 941.0106409513057 528.4042563805222
636 938.6343493362365 533.4537397344945
637 936.5810928906903 528.632437156276
638 933.869395351833 531.5477581407331
639 931.5107800687009 528.6043120274803
640 928.7060201118054 522.482408044722
641 926.356368686075 535.54254747443
642 923.2399127528502 524.2959651011399
643 920.5631740889924 526.2252696355968
644 918.4210779283396 521.3684311713357
645 915.7753799428948 523.3101519771578
646 913.0441902486452 516.217676099458
647 910.0845255871452 532.033810234858
648 908.1197998988191 526.2479199595275
649 905.3025450937413 515.1210180374965
650 902.9589977932927 518.183599117317
651 900.4250276417225 513.170011056689
652 897.7939935123113 521.1175974049245
653 894.7005619323729 517.8802247729491
654 892.0370990461793 519.8148396184715
655 890.7761143033613 520.3104457213444
656 887.829471977514 519.1317887910054
657 885.4115233703483 519.1646093481393
658 883.3487251887801 513.339490075512
659 880.6897298838737 519.2758919535495
660 878.3854656458756 506.3541862583502
661 875.6975706028193 500.27902824112766
662 872.8989832696595 502.1595933078638
663 870.0763020193776 505.0305208077509
664 868.0011675962089 499.20046703848357
665 865.2536727884858 502.10146911539437
666 863.4378085851713 507.3751234340684
667 860.9906625220683 505.3962650088272
668 858.5732952184671 506.4293180873867
669 855.7017031129751 509.28068124518995
670 852.9927768734608 497.19711074938436
671 850.5127483222864 490.20509932891446
672 848.8735916566445 504.54943666265785
673 846.101674028077 501.44066961123076
674 843.3903784995201 487.3561513998079
675 840.2979007923282 490.11916031693113
676 837.5509291716844 495.02037166867376
677 835.2893749003975 501.11574996015906
678 832.6347577970887 485.0539031188355
679 830.1006699989086 497.0402679995634
680 828.065560874827 489.2262243499308
681 825.4760792160153 487.1904316864061
682 823.2742743368169 492.30970973472677
683 821.1479879961406 492.4591951984562
684 818.9759002041601 496.5903600816639
685 818.1184483505308 484.2473793402123
686 815.1950416988145 490.0780166795257
687 812.279207905929 475.91168316237145
688 809.8884445807341 478.9553778322936
689 808.2638580806137 486.3055432322453
690 805.5165165244762 485.20660660979047
691 803.0335033961549 482.21340135846185
692 802.6022180382118 489.0408872152848
693 801.2035353315921 482.4814141326367
694 798.6427517524501 477.45710070097994
695 796.1740092264631 477.46960369058525
696 794.1459577216199 477.65838308864795
697 791.4508311390648 483.5803324556259
698 789.0937134040869 477.6374853616346
699 786.224472210053 470.4897888840212
700 784.1755816658566 463.6702326663426
701 782.2111765115064 468.8844706046025
702 779.6886080796722 462.87544323186876
703 777.1946660271122 469.87786641084494
704 775.0151395765564 461.0060558306225
705 772.513759573502 477.0055038294008
706 770.0334103288757 464.01336413155013
707 767.5544330990843 457.0217732396336
708 764.558048732443 461.82321949297716
709 762.2105335070792 464.8842134028316
710 759.9378518880096 470.9751407552037
711 757.3933144107625 464.95732576430487
712 756.3014491321255 462.5205796528501
713 753.3264965005578 452.3305986002231
714 750.5267361164176 451.210694446567
715 747.9747156660466 457.1898862664186
716 745.8698581754038 452.3479432701615
717 743.5529430112224 455.4211772044889
718 740.8681629613188 462.3472651845275
719 738.1657458340372 453.2662983336148
720 735.8687058935711 456.34748235742836
721 733.5698957132724 459.42795828530893
722 731.1211305884034 444.4484522353613
723 728.3123266419271 455.3249306567708
724 725.9571455838469 443.38285823353874
725 724.3764348341717 445.75057393366865
726 721.4927106196616 444.5970842478646
727 719.2452196564594 445.69808786258375
728 716.5478653644534 444.6191461457813
729 714.1954769204089 452.6781907681635
730 711.5190151946986 452.6076060778794
731 709.1669286043141 438.6667714417256
732 706.7464750511493 437.69859002045973
733 704.0323696875427 449.61294787501697
734 701.6818332886419 437.67273331545675
735 698.9192949489645 436.5677179795857
736 696.4130199243366 429.5652079697346
737 693.6224780674819 440.4489912269927
738 691.1978881211176 438.479155248447
739 689.2705088654915 436.7082035461965
740 686.3744026743578 424.5497610697431
741 684.0386561093575 429.6154624437429
742 682.3818798219586 428.9527519287834
743 679.804362187609 437.9217448750435
744 677.2963026112132 437.91852104448526
745 675.4088139730519 431.16352558922074
746 673.1437636014857 437.2575054405943
747 671.0538305566265 424.4215322226505
748 668.4842115061285 421.39368460245134
749 666.2248240247638 418.4899296099055
750 663.6886201618221 433.47544806472877
751 661.0242414734045 430.4096965893617
752 658.6323403256358 427.45293613025433
753 656.183729122067 425.4734916488268
754 653.6127065641 429.44508262564
755 651.1696928234086 426.4678771293634
756 649.7303284042052 411.892131361682
757 646.870766300379 420.7483065201516
758 644.2214135865977 419.68856543463903
759 641.6089626606171 425.64358506424674
760 640.593549915012 411.2374199660047
761 638.1146461817682 409.24585847270725
762 635.6009624493496 409.2403849797398
763 633.0886039013436 416.2354415605374
764 630.993133436562 405.3972533746247
765 628.3108535957895 418.32434143831574
766 626.0325791948363 406.41303167793444
767 623.5099104458781 412.4039641783512
768 620.8832559651721 416.3533023860688
769 618.0443736535857 398.2177494614342
770 615.547096781161 400.2188387124644
771 613.2160855713621 413.28643422854475
772 610.8882372576473 409.35529490305885
773 608.8155795151162 397.52623180604644
774 606.3044794438799 404.5217917775519
775 603.8338886270082 407.5335554508032
776 601.2017986866874 402.48071947467497
777 598.6934588867965 396.4773835547186
778 596.1018817537343 399.4407527014937
779 593.6439895914194 399.45759583656775
780 591.0914120498362 402.43656481993446
781 589.0455697716079 388.6182279086431
782 586.3347515696321 393.53390062785274
783 584.0489977639542 392.61959910558164
784 581.3458518589738 383.5383407435895
785 579.61983638223 385.84793455289196
786 577.278880971547 394.9115523886187
787 574.8339184278286 397.9335673711314
788 572.7895316137281 395.11581264549113
789 570.8815629122923 382.35262516491684
790 568.0868658433671 396.2347463373468
791 565.9385252750014 393.37541011000053
792 563.3623259594992 382.3449303837997
793 560.86151113164 375.344604452656
794 558.7525392055484 391.5010156822193
795 556.191043808311 380.47641752332436
796 553.584887530156 372.43395501206237
797 551.8128938219324 388.7251575287729
798 549.1849414306876 377.673976572275
799 546.8607259020399 380.74429036081597
800 544.4642307210519 384.7856922884207
801 542.2102024166187 369.8840809666474
802 539.7064322024735 384.8825728809893
803 537.2650063875441 373.9060025550176
804 536.0599974132075 367.423998965283
805 533.9905480326836 378.59621921307337
806 531.4661101342178 367.58644405368705
807 529.0037357040096 374.6014942816038
808 526.5925247514717 376.6370099005886
809 524.1391538873586 363.65566155494344
810 521.7054418982716 368.6821767593086
811 519.6285270326673 372.8514108130669
812 517.1828145342868 372.87312581371464
813 515.3591615574568 361.14366462298267
814 513.5063692062611 356.4025476825044
815 510.8863051846234 366.35452207384935
816 508.2808787814406 354.31235151257624
817 506.12879467649054 358.45151787059615
818 504.0925361949443 370.6370144779777
819 502.11575672400465 353.84630268960177
820 500.44447201335606 359.1777888053424
821 498.28366972511424 363.3134678900457
822 496.50278415709454 362.60111366283775
823 493.8507418883312 349.5402967553324
824 491.4412830312675 352.57651321250694
825 489.16028854443425 363.6641154177737
826 486.8342198349387 353.7336879339755
827 484.99050663417313 354.99620265366923
828 482.7462446810427 345.09849787241706
829 480.39063097494557 360.15625238997825
830 478.2828423150488 346.3131369260195
831 475.7051493358838 354.28205973435354
832 473.5016112386363 339.40064449545446
833 471.17235546646975 343.4689421865879
834 468.56802940579735 354.42721176231896
835 466.5446533834889 344.6178613533955
836 464.21215607151476 344.6848624286059
837 461.7642946043493 343.70571784173967
838 459.37949305261554 341.7517972210462
839 458.44407078707457 351.37762831482985
840 456.19704219284677 348.4788168771387
841 454.19463638202495 342.67785455281
842 451.58907315991644 337.6356292639665
843 449.0074461538748 329.6029784615499
844 446.3302385166903 335.53209540667615
845 444.24578753302575 329.6983150132103
846 441.6303628119343 340.6521451247737
847 439.19783626640606 330.6791345065624
848 436.85811424501367 338.74324569800547
849 434.45679004356873 342.78271601742745
850 432.49349272592633 322.99739709037055
851 430.24059517183343 323.0962380687333
852 428.435269415216 330.37410776608635
853 426.2563153048343 329.50252612193367
854 423.98705820523503 322.594823282094
855 421.5647066735912 326.62588266943646
856 419.2856126915176 331.714245076607
857 417.28137517939996 331.91255007175994
858 415.12772858246086 323.0510914329843
859 412.87908935975827 319.1516357439033
860 412.19530103012767 314.87812041205103
861 409.72656011915535 331.89062404766213
862 407.5679539398076 322.027181575923
863 405.92145398364164 312.3685815934566
864 403.3964568662981 322.35858274651923
865 400.90802396026777 327.3632095841071
866 398.199731608682 320.27989264347275
867 396.20531669231895 325.4821266769276
868 393.6016942249048 309.4406776899619
869 391.5087027718847 306.60348110875384
870 388.8231713544883 316.5292685417953
871 386.79586718512996 320.718346874052
872 384.2051845209571 311.6820738083828
873 382.03103343628754 309.812413374515
874 379.43602442330996 312.77440976932394
875 376.92572223716184 304.77028889486473
876 374.5516783345801 312.820671333832
877 372.15754264309976 302.86301705723986
878 369.62102377676365 303.84840951070544
879 367.41984954386146 301.96793981754456
880 365.3795308850269 303.15181235401076
881 363.1474161540848 296.2589664616339
882 361.2837575876852 310.51350303507405
883 358.9069079327789 307.56276317311153
884 357.09662337255213 305.83864934902084
885 355.1964114848561 298.0785645939424
886 353.012877500434 292.2051510001736
887 351.6862263733359 304.67449054933434
888 349.9943031740894 305.99772126963575
889 347.21018916223534 300.8840756648941
890 344.7204194855874 305.88816779423496
891 341.9279339876853 304.7711735950741
892 339.5623603621568 290.8249441448627
893 337.69634981345087 297.0785399253803
894 335.34073367228785 291.13629346891514
895 333.55898212634634 283.4235928505385
896 331.0731596202032 282.4292638480813
897 329.624562615205 286.84982504608195
898 327.1236624426572 288.84946497706284
899 324.9436249199691 296.97744996798764
900 322.63746585466106 282.0549863418644
901 321.0772262236552 291.43089048946206
902 318.71819499032244 281.48727799612897
903 316.41827806462305 295.5673112258492
904 314.16310552791265 284.66524221116504
905 311.9696133228712 284.78784532914847
906 309.70605735752014 273.882422943008
907 307.41951948367284 273.9678077934691
908 304.9652289185206 283.9860915674082
909 302.7695217601629 290.1078087040651
910 301.5626450898176 271.625058035927
911 299.7674582053352 270.90698328213404
912 297.3369958538616 281.9347983415446
913 296.33058419864767 268.53223367945907
914 294.21713214948306 276.6868528597932
915 291.8651086824686 266.7460434729874
916 289.4867704008965 267.7947081603586
917 287.24011074846544 275.8960442993862
918 285.1047380953932 274.0418952381573
919 282.7493039685984 281.0997215874393
920 280.2787004982216 273.1114801992886
921 277.65862237122224 278.0634489484889
922 275.2192611475924 267.08770445903696
923 272.9692587279471 275.1877034911788
924 270.7640214568941 275.30560858275766
925 268.48993718325505 266.395974873302
926 266.4961806514149 256.5984722605659
927 264.20158191335213 272.6806327653408
928 262.25982854219467 259.90393141687787
929 259.61917178517126 255.8476687140685
930 258.15330483445507 254.26132193378203
931 255.68229217011597 263.27291686804637
932 253.6662633185106 260.4665053274042
933 251.17954300404824 263.4718172016193
934 248.81742639417828 260.5269705576713
935 246.5017825522271 266.6007130208908
936 244.3377046188736 250.7350818475494
937 242.19911580267387 255.87964632106957
938 239.64369583738724 261.85747833495486
939 237.47708156819763 245.99083262727905
940 234.8279676971337 256.93118707885344
941 232.40986303326304 245.9639452133052
942 230.53967702945988 256.21587081178393
943 228.1974167457366 244.27896669829462
944 226.0428374786094 245.41713499144376
945 224.50926294931244 240.80370517972497
946 222.2042230387148 255.8816892154859
947 220.12553256530015 241.05021302612005
948 217.9559548043339 246.18238192173357
949 215.59006425735237 242.23602570294094
950 213.67619719624543 247.47047887849817
951 212.06828158691056 246.8273126347642
952 210.01450327412283 241.00580130964912
953 207.64767344974527 252.0590693798981
954 205.89843115806826 243.3593724632273
955 203.65873798458617 235.46349519383446
956 201.26032345435868 234.50412938174347
957 199.0891272907394 230.63565091629576
958 197.04989725312748 237.81995890125097
959 195.37684085725726 234.1507363429029
960 193.67582291376834 236.47032916550734
961 191.3222818435513 237.5289127374205
962 189.02720411891693 226.61088164756677
963 186.58547115966942 232.63418846386776
964 184.31527200044326 239.7261088001773
965 181.8483493224642 231.73933972898567
966 179.75044124047875 226.90017649619148
967 177.62396101964808 236.04958440785924
968 175.38927664829555 222.15571065931823
